<?xml version="1.0" encoding="UTF-8"?>
<coverage generated="1772968173577" clover="3.2.0">
  <project timestamp="1772968173577" name="All files">
    <metrics statements="358" coveredstatements="210" conditionals="183" coveredconditionals="106" methods="106" coveredmethods="61" elements="647" coveredelements="377" complexity="0" loc="358" ncloc="358" packages="1" files="5" classes="5"/>
    <file name="AuthContext.tsx" path="/root/.openclaw/workspace/App/Web-Attendance/src/lib/AuthContext.tsx">
      <metrics statements="28" coveredstatements="0" conditionals="8" coveredconditionals="0" methods="8" coveredmethods="0"/>
      <line num="16" count="0" type="stmt"/>
      <line num="23" count="0" type="stmt"/>
      <line num="25" count="0" type="stmt"/>
      <line num="26" count="0" type="stmt"/>
      <line num="27" count="0" type="stmt"/>
      <line num="29" count="0" type="stmt"/>
      <line num="30" count="0" type="stmt"/>
      <line num="33" count="0" type="stmt"/>
      <line num="34" count="0" type="stmt"/>
      <line num="35" count="0" type="stmt"/>
      <line num="36" count="0" type="cond" truecount="0" falsecount="2"/>
      <line num="37" count="0" type="stmt"/>
      <line num="38" count="0" type="cond" truecount="0" falsecount="2"/>
      <line num="39" count="0" type="stmt"/>
      <line num="41" count="0" type="stmt"/>
      <line num="44" count="0" type="stmt"/>
      <line num="47" count="0" type="stmt"/>
      <line num="49" count="0" type="stmt"/>
      <line num="53" count="0" type="stmt"/>
      <line num="54" count="0" type="stmt"/>
      <line num="59" count="0" type="cond" truecount="0" falsecount="2"/>
      <line num="60" count="0" type="stmt"/>
      <line num="62" count="0" type="stmt"/>
      <line num="65" count="0" type="stmt"/>
      <line num="66" count="0" type="stmt"/>
      <line num="67" count="0" type="stmt"/>
      <line num="70" count="0" type="stmt"/>
      <line num="77" count="0" type="stmt"/>
    </file>
    <file name="algorithm.ts" path="/root/.openclaw/workspace/App/Web-Attendance/src/lib/algorithm.ts">
      <metrics statements="170" coveredstatements="123" conditionals="130" coveredconditionals="76" methods="51" coveredmethods="37"/>
      <line num="7" count="1" type="stmt"/>
      <line num="13" count="359" type="stmt"/>
      <line num="14" count="359" type="stmt"/>
      <line num="15" count="359" type="cond" truecount="3" falsecount="1"/>
      <line num="16" count="359" type="cond" truecount="4" falsecount="0"/>
      <line num="18" count="3" type="stmt"/>
      <line num="19" count="3" type="cond" truecount="1" falsecount="1"/>
      <line num="20" count="3" type="cond" truecount="1" falsecount="1"/>
      <line num="21" count="3" type="cond" truecount="4" falsecount="1"/>
      <line num="22" count="3" type="stmt"/>
      <line num="29" count="1" type="stmt"/>
      <line num="39" count="0" type="cond" truecount="0" falsecount="2"/>
      <line num="42" count="0" type="stmt"/>
      <line num="43" count="0" type="cond" truecount="0" falsecount="4"/>
      <line num="44" count="0" type="cond" truecount="0" falsecount="2"/>
      <line num="46" count="0" type="stmt"/>
      <line num="47" count="0" type="stmt"/>
      <line num="50" count="0" type="cond" truecount="0" falsecount="2"/>
      <line num="53" count="0" type="stmt"/>
      <line num="59" count="1" type="stmt"/>
      <line num="65" count="0" type="stmt"/>
      <line num="66" count="0" type="cond" truecount="0" falsecount="2"/>
      <line num="67" count="0" type="cond" truecount="0" falsecount="2"/>
      <line num="68" count="0" type="cond" truecount="0" falsecount="2"/>
      <line num="71" count="0" type="cond" truecount="0" falsecount="2"/>
      <line num="78" count="1" type="stmt"/>
      <line num="88" count="0" type="stmt"/>
      <line num="89" count="0" type="stmt"/>
      <line num="90" count="0" type="stmt"/>
      <line num="91" count="0" type="cond" truecount="0" falsecount="2"/>
      <line num="97" count="1" type="stmt"/>
      <line num="102" count="200" type="stmt"/>
      <line num="107" count="0" type="cond" truecount="0" falsecount="2"/>
      <line num="109" count="0" type="stmt"/>
      <line num="110" count="0" type="cond" truecount="0" falsecount="2"/>
      <line num="111" count="0" type="stmt"/>
      <line num="112" count="0" type="cond" truecount="0" falsecount="2"/>
      <line num="113" count="0" type="stmt"/>
      <line num="115" count="0" type="stmt"/>
      <line num="119" count="0" type="stmt"/>
      <line num="121" count="0" type="cond" truecount="0" falsecount="2"/>
      <line num="123" count="0" type="stmt"/>
      <line num="131" count="1" type="stmt"/>
      <line num="140" count="8" type="stmt"/>
      <line num="141" count="8" type="stmt"/>
      <line num="142" count="8" type="stmt"/>
      <line num="143" count="8" type="stmt"/>
      <line num="145" count="8" type="stmt"/>
      <line num="148" count="8" type="stmt"/>
      <line num="150" count="351" type="cond" truecount="2" falsecount="2"/>
      <line num="151" count="0" type="stmt"/>
      <line num="154" count="351" type="cond" truecount="2" falsecount="0"/>
      <line num="155" count="351" type="cond" truecount="3" falsecount="1"/>
      <line num="156" count="0" type="cond" truecount="0" falsecount="4"/>
      <line num="157" count="0" type="stmt"/>
      <line num="159" count="0" type="stmt"/>
      <line num="163" count="351" type="cond" truecount="2" falsecount="0"/>
      <line num="167" count="316" type="stmt"/>
      <line num="170" count="8" type="stmt"/>
      <line num="171" count="18" type="stmt"/>
      <line num="174" count="8" type="stmt"/>
      <line num="177" count="24" type="stmt"/>
      <line num="179" count="24" type="stmt"/>
      <line num="182" count="8" type="cond" truecount="1" falsecount="2"/>
      <line num="185" count="8" type="cond" truecount="1" falsecount="1"/>
      <line num="186" count="1201" type="stmt"/>
      <line num="189" count="8" type="stmt"/>
      <line num="190" count="351" type="cond" truecount="2" falsecount="0"/>
      <line num="192" count="351" type="stmt"/>
      <line num="194" count="351" type="cond" truecount="1" falsecount="1"/>
      <line num="196" count="0" type="stmt"/>
      <line num="200" count="351" type="stmt"/>
      <line num="203" count="8" type="stmt"/>
      <line num="204" count="240" type="stmt"/>
      <line num="205" count="240" type="stmt"/>
      <line num="207" count="240" type="cond" truecount="4" falsecount="0"/>
      <line num="208" count="40" type="stmt"/>
      <line num="209" count="40" type="stmt"/>
      <line num="212" count="200" type="stmt"/>
      <line num="213" count="450" type="stmt"/>
      <line num="214" count="450" type="cond" truecount="4" falsecount="0"/>
      <line num="215" count="449" type="cond" truecount="4" falsecount="0"/>
      <line num="217" count="25" type="stmt"/>
      <line num="218" count="25" type="cond" truecount="1" falsecount="1"/>
      <line num="219" count="25" type="cond" truecount="2" falsecount="0"/>
      <line num="220" count="5" type="cond" truecount="5" falsecount="0"/>
      <line num="221" count="3" type="stmt"/>
      <line num="224" count="200" type="stmt"/>
      <line num="225" count="600" type="stmt"/>
      <line num="228" count="200" type="stmt"/>
      <line num="230" count="200" type="stmt"/>
      <line num="231" count="0" type="stmt"/>
      <line num="232" count="0" type="stmt"/>
      <line num="234" count="0" type="cond" truecount="0" falsecount="2"/>
      <line num="235" count="0" type="stmt"/>
      <line num="246" count="0" type="stmt"/>
      <line num="247" count="0" type="cond" truecount="0" falsecount="2"/>
      <line num="248" count="0" type="stmt"/>
      <line num="249" count="0" type="stmt"/>
      <line num="258" count="0" type="stmt"/>
      <line num="264" count="0" type="stmt"/>
      <line num="279" count="200" type="cond" truecount="2" falsecount="0"/>
      <line num="281" count="32" type="stmt"/>
      <line num="282" count="4" type="stmt"/>
      <line num="284" count="32" type="stmt"/>
      <line num="285" count="32" type="stmt"/>
      <line num="287" count="32" type="stmt"/>
      <line num="288" count="8" type="stmt"/>
      <line num="289" count="8" type="cond" truecount="1" falsecount="1"/>
      <line num="291" count="8" type="stmt"/>
      <line num="292" count="8" type="stmt"/>
      <line num="294" count="8" type="stmt"/>
      <line num="303" count="8" type="stmt"/>
      <line num="304" count="8" type="stmt"/>
      <line num="305" count="8" type="stmt"/>
      <line num="310" count="32" type="cond" truecount="4" falsecount="0"/>
      <line num="311" count="28" type="stmt"/>
      <line num="313" count="28" type="stmt"/>
      <line num="314" count="56" type="cond" truecount="2" falsecount="0"/>
      <line num="315" count="35" type="stmt"/>
      <line num="316" count="56" type="cond" truecount="2" falsecount="0"/>
      <line num="318" count="28" type="stmt"/>
      <line num="319" count="34" type="stmt"/>
      <line num="320" count="34" type="stmt"/>
      <line num="321" count="34" type="stmt"/>
      <line num="323" count="34" type="stmt"/>
      <line num="332" count="34" type="stmt"/>
      <line num="333" count="34" type="stmt"/>
      <line num="337" count="32" type="cond" truecount="2" falsecount="0"/>
      <line num="338" count="16" type="stmt"/>
      <line num="349" count="32" type="stmt"/>
      <line num="352" count="168" type="stmt"/>
      <line num="354" count="168" type="stmt"/>
      <line num="355" count="309" type="stmt"/>
      <line num="357" count="309" type="stmt"/>
      <line num="366" count="309" type="stmt"/>
      <line num="367" count="309" type="stmt"/>
      <line num="368" count="309" type="cond" truecount="2" falsecount="0"/>
      <line num="371" count="168" type="stmt"/>
      <line num="372" count="718" type="stmt"/>
      <line num="373" count="359" type="stmt"/>
      <line num="374" count="221" type="stmt"/>
      <line num="375" count="359" type="cond" truecount="2" falsecount="0"/>
      <line num="379" count="168" type="stmt"/>
      <line num="380" count="168" type="cond" truecount="2" falsecount="0"/>
      <line num="381" count="8" type="stmt"/>
      <line num="382" count="8" type="stmt"/>
      <line num="386" count="168" type="stmt"/>
      <line num="387" count="27" type="cond" truecount="1" falsecount="1"/>
      <line num="388" count="27" type="stmt"/>
      <line num="389" count="27" type="stmt"/>
      <line num="390" count="27" type="stmt"/>
      <line num="394" count="359" type="cond" truecount="2" falsecount="0"/>
      <line num="395" count="274" type="cond" truecount="1" falsecount="1"/>
      <line num="396" count="274" type="stmt"/>
      <line num="397" count="274" type="stmt"/>
      <line num="401" count="168" type="cond" truecount="2" falsecount="0"/>
      <line num="402" count="347" type="stmt"/>
      <line num="403" count="0" type="cond" truecount="0" falsecount="2"/>
      <line num="404" count="0" type="stmt"/>
      <line num="405" count="0" type="stmt"/>
      <line num="409" count="168" type="stmt"/>
      <line num="410" count="168" type="cond" truecount="2" falsecount="0"/>
      <line num="411" count="166" type="stmt"/>
      <line num="412" count="707" type="stmt"/>
      <line num="424" count="168" type="stmt"/>
      <line num="428" count="8" type="stmt"/>
      <line num="435" count="1" type="stmt"/>
      <line num="444" count="0" type="stmt"/>
      <line num="445" count="0" type="stmt"/>
    </file>
    <file name="api.ts" path="/root/.openclaw/workspace/App/Web-Attendance/src/lib/api.ts">
      <metrics statements="64" coveredstatements="49" conditionals="14" coveredconditionals="8" methods="27" coveredmethods="14"/>
      <line num="3" count="1" type="stmt"/>
      <line num="9" count="14" type="cond" truecount="2" falsecount="2"/>
      <line num="11" count="14" type="stmt"/>
      <line num="19" count="14" type="cond" truecount="2" falsecount="0"/>
      <line num="20" count="1" type="stmt"/>
      <line num="21" count="1" type="cond" truecount="1" falsecount="1"/>
      <line num="25" count="13" type="stmt"/>
      <line num="26" count="13" type="stmt"/>
      <line num="27" count="13" type="cond" truecount="2" falsecount="0"/>
      <line num="30" count="0" type="stmt"/>
      <line num="38" count="1" type="stmt"/>
      <line num="39" count="2" type="stmt"/>
      <line num="42" count="1" type="stmt"/>
      <line num="43" count="1" type="stmt"/>
      <line num="47" count="1" type="stmt"/>
      <line num="50" count="1" type="stmt"/>
      <line num="51" count="1" type="stmt"/>
      <line num="57" count="1" type="stmt"/>
      <line num="58" count="1" type="stmt"/>
      <line num="63" count="1" type="stmt"/>
      <line num="64" count="0" type="stmt"/>
      <line num="74" count="1" type="stmt"/>
      <line num="75" count="1" type="stmt"/>
      <line num="78" count="1" type="stmt"/>
      <line num="79" count="1" type="stmt"/>
      <line num="83" count="1" type="stmt"/>
      <line num="90" count="1" type="stmt"/>
      <line num="91" count="1" type="stmt"/>
      <line num="94" count="1" type="stmt"/>
      <line num="95" count="1" type="stmt"/>
      <line num="101" count="1" type="stmt"/>
      <line num="102" count="1" type="stmt"/>
      <line num="108" count="1" type="stmt"/>
      <line num="109" count="1" type="stmt"/>
      <line num="115" count="1" type="stmt"/>
      <line num="116" count="0" type="stmt"/>
      <line num="125" count="1" type="stmt"/>
      <line num="126" count="1" type="stmt"/>
      <line num="129" count="1" type="stmt"/>
      <line num="130" count="0" type="stmt"/>
      <line num="135" count="0" type="stmt"/>
      <line num="138" count="1" type="stmt"/>
      <line num="139" count="0" type="stmt"/>
      <line num="149" count="1" type="stmt"/>
      <line num="150" count="1" type="stmt"/>
      <line num="153" count="1" type="cond" truecount="0" falsecount="2"/>
      <line num="154" count="0" type="stmt"/>
      <line num="159" count="0" type="stmt"/>
      <line num="162" count="1" type="stmt"/>
      <line num="163" count="0" type="stmt"/>
      <line num="170" count="1" type="stmt"/>
      <line num="171" count="0" type="stmt"/>
      <line num="177" count="1" type="stmt"/>
      <line num="178" count="0" type="stmt"/>
      <line num="185" count="1" type="stmt"/>
      <line num="186" count="1" type="stmt"/>
      <line num="189" count="1" type="cond" truecount="0" falsecount="1"/>
      <line num="190" count="0" type="stmt"/>
      <line num="196" count="1" type="stmt"/>
      <line num="197" count="0" type="stmt"/>
      <line num="203" count="1" type="stmt"/>
      <line num="204" count="0" type="stmt"/>
      <line num="210" count="1" type="stmt"/>
      <line num="211" count="0" type="stmt"/>
    </file>
    <file name="exportUtils.ts" path="/root/.openclaw/workspace/App/Web-Attendance/src/lib/exportUtils.ts">
      <metrics statements="56" coveredstatements="0" conditionals="8" coveredconditionals="0" methods="10" coveredmethods="0"/>
      <line num="11" count="0" type="stmt"/>
      <line num="12" count="0" type="stmt"/>
      <line num="13" count="0" type="stmt"/>
      <line num="14" count="0" type="stmt"/>
      <line num="15" count="0" type="stmt"/>
      <line num="18" count="0" type="stmt"/>
      <line num="21" count="0" type="stmt"/>
      <line num="22" count="0" type="stmt"/>
      <line num="23" count="0" type="stmt"/>
      <line num="25" count="0" type="stmt"/>
      <line num="26" count="0" type="stmt"/>
      <line num="28" count="0" type="cond" truecount="0" falsecount="2"/>
      <line num="30" count="0" type="cond" truecount="0" falsecount="2"/>
      <line num="31" count="0" type="stmt"/>
      <line num="32" count="0" type="stmt"/>
      <line num="33" count="0" type="stmt"/>
      <line num="36" count="0" type="stmt"/>
      <line num="37" count="0" type="stmt"/>
      <line num="38" count="0" type="stmt"/>
      <line num="39" count="0" type="stmt"/>
      <line num="41" count="0" type="stmt"/>
      <line num="45" count="0" type="stmt"/>
      <line num="46" count="0" type="stmt"/>
      <line num="47" count="0" type="stmt"/>
      <line num="50" count="0" type="stmt"/>
      <line num="51" count="0" type="stmt"/>
      <line num="52" count="0" type="stmt"/>
      <line num="55" count="0" type="stmt"/>
      <line num="63" count="0" type="stmt"/>
      <line num="64" count="0" type="stmt"/>
      <line num="70" count="0" type="stmt"/>
      <line num="71" count="0" type="stmt"/>
      <line num="72" count="0" type="stmt"/>
      <line num="73" count="0" type="stmt"/>
      <line num="75" count="0" type="stmt"/>
      <line num="78" count="0" type="stmt"/>
      <line num="81" count="0" type="stmt"/>
      <line num="82" count="0" type="stmt"/>
      <line num="83" count="0" type="stmt"/>
      <line num="85" count="0" type="stmt"/>
      <line num="86" count="0" type="stmt"/>
      <line num="87" count="0" type="cond" truecount="0" falsecount="2"/>
      <line num="89" count="0" type="cond" truecount="0" falsecount="2"/>
      <line num="91" count="0" type="stmt"/>
      <line num="92" count="0" type="stmt"/>
      <line num="93" count="0" type="stmt"/>
      <line num="95" count="0" type="stmt"/>
      <line num="96" count="0" type="stmt"/>
      <line num="97" count="0" type="stmt"/>
      <line num="99" count="0" type="stmt"/>
      <line num="103" count="0" type="stmt"/>
      <line num="104" count="0" type="stmt"/>
      <line num="111" count="0" type="stmt"/>
      <line num="113" count="0" type="stmt"/>
      <line num="121" count="0" type="stmt"/>
      <line num="123" count="0" type="stmt"/>
    </file>
    <file name="holidayUtils.ts" path="/root/.openclaw/workspace/App/Web-Attendance/src/lib/holidayUtils.ts">
      <metrics statements="40" coveredstatements="38" conditionals="23" coveredconditionals="22" methods="10" coveredmethods="10"/>
      <line num="16" count="1" type="stmt"/>
      <line num="56" count="21" type="stmt"/>
      <line num="57" count="21" type="stmt"/>
      <line num="59" count="392" type="cond" truecount="2" falsecount="0"/>
      <line num="60" count="21" type="cond" truecount="2" falsecount="0"/>
      <line num="69" count="21" type="stmt"/>
      <line num="78" count="18" type="stmt"/>
      <line num="87" count="7" type="stmt"/>
      <line num="88" count="7" type="cond" truecount="2" falsecount="0"/>
      <line num="97" count="19" type="cond" truecount="3" falsecount="0"/>
      <line num="106" count="4" type="stmt"/>
      <line num="118" count="2" type="cond" truecount="2" falsecount="0"/>
      <line num="121" count="1" type="stmt"/>
      <line num="122" count="1" type="stmt"/>
      <line num="126" count="1" type="stmt"/>
      <line num="127" count="1" type="stmt"/>
      <line num="138" count="2" type="stmt"/>
      <line num="139" count="2" type="stmt"/>
      <line num="141" count="2" type="stmt"/>
      <line num="142" count="11" type="cond" truecount="2" falsecount="0"/>
      <line num="143" count="5" type="stmt"/>
      <line num="145" count="11" type="stmt"/>
      <line num="148" count="2" type="stmt"/>
      <line num="160" count="5" type="stmt"/>
      <line num="163" count="5" type="cond" truecount="2" falsecount="0"/>
      <line num="164" count="4" type="stmt"/>
      <line num="165" count="4" type="stmt"/>
      <line num="166" count="77" type="stmt"/>
      <line num="167" count="77" type="cond" truecount="2" falsecount="0"/>
      <line num="168" count="12" type="stmt"/>
      <line num="169" count="12" type="cond" truecount="2" falsecount="0"/>
      <line num="170" count="3" type="stmt"/>
      <line num="174" count="1" type="stmt"/>
      <line num="178" count="1" type="cond" truecount="1" falsecount="1"/>
      <line num="179" count="1" type="stmt"/>
      <line num="180" count="5" type="stmt"/>
      <line num="181" count="5" type="cond" truecount="2" falsecount="0"/>
      <line num="182" count="1" type="stmt"/>
      <line num="185" count="0" type="stmt"/>
      <line num="188" count="0" type="stmt"/>
    </file>
  </project>
</coverage>
