{"/root/.openclaw/workspace/App/Web-Attendance/src/lib/AuthContext.tsx": {"path":"/root/.openclaw/workspace/App/Web-Attendance/src/lib/AuthContext.tsx","statementMap":{"0":{"start":{"line":16,"column":6},"end":{"line":21,"column":null}},"1":{"start":{"line":23,"column":23},"end":{"line":23,"column":null}},"2":{"start":{"line":25,"column":69},"end":{"line":82,"column":null}},"3":{"start":{"line":26,"column":38},"end":{"line":26,"column":null}},"4":{"start":{"line":27,"column":30},"end":{"line":27,"column":null}},"5":{"start":{"line":29,"column":4},"end":{"line":31,"column":null}},"6":{"start":{"line":30,"column":8},"end":{"line":30,"column":null}},"7":{"start":{"line":33,"column":22},"end":{"line":51,"column":null}},"8":{"start":{"line":34,"column":8},"end":{"line":50,"column":null}},"9":{"start":{"line":35,"column":24},"end":{"line":35,"column":null}},"10":{"start":{"line":36,"column":12},"end":{"line":45,"column":null}},"11":{"start":{"line":37,"column":29},"end":{"line":37,"column":null}},"12":{"start":{"line":38,"column":16},"end":{"line":42,"column":null}},"13":{"start":{"line":39,"column":20},"end":{"line":39,"column":null}},"14":{"start":{"line":41,"column":20},"end":{"line":41,"column":null}},"15":{"start":{"line":44,"column":16},"end":{"line":44,"column":null}},"16":{"start":{"line":47,"column":12},"end":{"line":47,"column":null}},"17":{"start":{"line":49,"column":12},"end":{"line":49,"column":null}},"18":{"start":{"line":53,"column":18},"end":{"line":63,"column":null}},"19":{"start":{"line":54,"column":20},"end":{"line":58,"column":null}},"20":{"start":{"line":59,"column":8},"end":{"line":61,"column":null}},"21":{"start":{"line":60,"column":12},"end":{"line":60,"column":null}},"22":{"start":{"line":62,"column":8},"end":{"line":62,"column":null}},"23":{"start":{"line":65,"column":19},"end":{"line":68,"column":null}},"24":{"start":{"line":66,"column":8},"end":{"line":66,"column":null}},"25":{"start":{"line":67,"column":8},"end":{"line":67,"column":null}},"26":{"start":{"line":70,"column":18},"end":{"line":75,"column":null}},"27":{"start":{"line":77,"column":4},"end":{"line":80,"column":null}}},"fnMap":{"0":{"name":"(anonymous_0)","decl":{"start":{"line":19,"column":11},"end":{"line":19,"column":23}},"loc":{"start":{"line":19,"column":23},"end":{"line":19,"column":null}},"line":19},"1":{"name":"(anonymous_1)","decl":{"start":{"line":20,"column":12},"end":{"line":20,"column":24}},"loc":{"start":{"line":20,"column":24},"end":{"line":20,"column":null}},"line":20},"2":{"name":"(anonymous_2)","decl":{"start":{"line":23,"column":23},"end":{"line":23,"column":29}},"loc":{"start":{"line":23,"column":23},"end":{"line":23,"column":null}},"line":23},"3":{"name":"(anonymous_3)","decl":{"start":{"line":25,"column":69},"end":{"line":25,"column":70}},"loc":{"start":{"line":25,"column":87},"end":{"line":82,"column":null}},"line":25},"4":{"name":"(anonymous_4)","decl":{"start":{"line":29,"column":14},"end":{"line":29,"column":20}},"loc":{"start":{"line":29,"column":20},"end":{"line":31,"column":7}},"line":29},"5":{"name":"(anonymous_5)","decl":{"start":{"line":33,"column":22},"end":{"line":33,"column":34}},"loc":{"start":{"line":33,"column":34},"end":{"line":51,"column":null}},"line":33},"6":{"name":"(anonymous_6)","decl":{"start":{"line":53,"column":18},"end":{"line":53,"column":25}},"loc":{"start":{"line":53,"column":46},"end":{"line":63,"column":null}},"line":53},"7":{"name":"(anonymous_7)","decl":{"start":{"line":65,"column":19},"end":{"line":65,"column":31}},"loc":{"start":{"line":65,"column":31},"end":{"line":68,"column":null}},"line":65}},"branchMap":{"0":{"loc":{"start":{"line":36,"column":12},"end":{"line":45,"column":null}},"type":"if","locations":[{"start":{"line":36,"column":12},"end":{"line":45,"column":null}},{"start":{"line":43,"column":19},"end":{"line":45,"column":null}}],"line":36},"1":{"loc":{"start":{"line":38,"column":16},"end":{"line":42,"column":null}},"type":"if","locations":[{"start":{"line":38,"column":16},"end":{"line":42,"column":null}},{"start":{"line":40,"column":23},"end":{"line":42,"column":null}}],"line":38},"2":{"loc":{"start":{"line":59,"column":8},"end":{"line":61,"column":null}},"type":"if","locations":[{"start":{"line":59,"column":8},"end":{"line":61,"column":null}},{"start":{},"end":{}}],"line":59},"3":{"loc":{"start":{"line":79,"column":13},"end":{"line":79,"column":null}},"type":"binary-expr","locations":[{"start":{"line":79,"column":13},"end":{"line":79,"column":25}},{"start":{"line":79,"column":25},"end":{"line":79,"column":null}}],"line":79}},"s":{"0":0,"1":0,"2":0,"3":0,"4":0,"5":0,"6":0,"7":0,"8":0,"9":0,"10":0,"11":0,"12":0,"13":0,"14":0,"15":0,"16":0,"17":0,"18":0,"19":0,"20":0,"21":0,"22":0,"23":0,"24":0,"25":0,"26":0,"27":0},"f":{"0":0,"1":0,"2":0,"3":0,"4":0,"5":0,"6":0,"7":0},"b":{"0":[0,0],"1":[0,0],"2":[0,0],"3":[0,0]},"meta":{"lastBranch":4,"lastFunction":8,"lastStatement":28,"seen":{"s:16:6:21:Infinity":0,"f:19:11:19:23":0,"f:20:12:20:24":1,"s:23:23:23:Infinity":1,"f:23:23:23:29":2,"s:25:69:82:Infinity":2,"f:25:69:25:70":3,"s:26:38:26:Infinity":3,"s:27:30:27:Infinity":4,"s:29:4:31:Infinity":5,"f:29:14:29:20":4,"s:30:8:30:Infinity":6,"s:33:22:51:Infinity":7,"f:33:22:33:34":5,"s:34:8:50:Infinity":8,"s:35:24:35:Infinity":9,"b:36:12:45:Infinity:43:19:45:Infinity":0,"s:36:12:45:Infinity":10,"s:37:29:37:Infinity":11,"b:38:16:42:Infinity:40:23:42:Infinity":1,"s:38:16:42:Infinity":12,"s:39:20:39:Infinity":13,"s:41:20:41:Infinity":14,"s:44:16:44:Infinity":15,"s:47:12:47:Infinity":16,"s:49:12:49:Infinity":17,"s:53:18:63:Infinity":18,"f:53:18:53:25":6,"s:54:20:58:Infinity":19,"b:59:8:61:Infinity:undefined:undefined:undefined:undefined":2,"s:59:8:61:Infinity":20,"s:60:12:60:Infinity":21,"s:62:8:62:Infinity":22,"s:65:19:68:Infinity":23,"f:65:19:65:31":7,"s:66:8:66:Infinity":24,"s:67:8:67:Infinity":25,"s:70:18:75:Infinity":26,"s:77:4:80:Infinity":27,"b:79:13:79:25:79:25:79:Infinity":3}}}
,"/root/.openclaw/workspace/App/Web-Attendance/src/lib/algorithm.ts": {"path":"/root/.openclaw/workspace/App/Web-Attendance/src/lib/algorithm.ts","statementMap":{"0":{"start":{"line":7,"column":32},"end":{"line":23,"column":null}},"1":{"start":{"line":13,"column":10},"end":{"line":13,"column":null}},"2":{"start":{"line":14,"column":17},"end":{"line":14,"column":null}},"3":{"start":{"line":14,"column":39},"end":{"line":14,"column":61}},"4":{"start":{"line":15,"column":4},"end":{"line":15,"column":null}},"5":{"start":{"line":15,"column":57},"end":{"line":15,"column":null}},"6":{"start":{"line":16,"column":4},"end":{"line":16,"column":null}},"7":{"start":{"line":16,"column":66},"end":{"line":16,"column":null}},"8":{"start":{"line":18,"column":20},"end":{"line":18,"column":null}},"9":{"start":{"line":19,"column":19},"end":{"line":19,"column":null}},"10":{"start":{"line":19,"column":44},"end":{"line":19,"column":98}},"11":{"start":{"line":20,"column":4},"end":{"line":20,"column":null}},"12":{"start":{"line":20,"column":17},"end":{"line":20,"column":null}},"13":{"start":{"line":21,"column":4},"end":{"line":21,"column":null}},"14":{"start":{"line":21,"column":87},"end":{"line":21,"column":null}},"15":{"start":{"line":22,"column":4},"end":{"line":22,"column":null}},"16":{"start":{"line":29,"column":36},"end":{"line":54,"column":null}},"17":{"start":{"line":39,"column":4},"end":{"line":39,"column":null}},"18":{"start":{"line":39,"column":62},"end":{"line":39,"column":null}},"19":{"start":{"line":42,"column":23},"end":{"line":51,"column":null}},"20":{"start":{"line":43,"column":8},"end":{"line":43,"column":null}},"21":{"start":{"line":43,"column":66},"end":{"line":43,"column":null}},"22":{"start":{"line":44,"column":8},"end":{"line":44,"column":null}},"23":{"start":{"line":44,"column":27},"end":{"line":44,"column":null}},"24":{"start":{"line":46,"column":27},"end":{"line":46,"column":null}},"25":{"start":{"line":47,"column":25},"end":{"line":47,"column":null}},"26":{"start":{"line":50,"column":8},"end":{"line":50,"column":null}},"27":{"start":{"line":53,"column":4},"end":{"line":53,"column":null}},"28":{"start":{"line":59,"column":29},"end":{"line":73,"column":null}},"29":{"start":{"line":65,"column":4},"end":{"line":72,"column":null}},"30":{"start":{"line":66,"column":8},"end":{"line":66,"column":null}},"31":{"start":{"line":66,"column":36},"end":{"line":66,"column":null}},"32":{"start":{"line":67,"column":8},"end":{"line":67,"column":null}},"33":{"start":{"line":67,"column":27},"end":{"line":67,"column":null}},"34":{"start":{"line":68,"column":8},"end":{"line":68,"column":null}},"35":{"start":{"line":68,"column":44},"end":{"line":68,"column":null}},"36":{"start":{"line":71,"column":8},"end":{"line":71,"column":null}},"37":{"start":{"line":78,"column":27},"end":{"line":92,"column":null}},"38":{"start":{"line":88,"column":4},"end":{"line":91,"column":null}},"39":{"start":{"line":89,"column":25},"end":{"line":89,"column":123}},"40":{"start":{"line":90,"column":24},"end":{"line":90,"column":63}},"41":{"start":{"line":91,"column":21},"end":{"line":91,"column":81}},"42":{"start":{"line":97,"column":30},"end":{"line":124,"column":null}},"43":{"start":{"line":102,"column":4},"end":{"line":123,"column":null}},"44":{"start":{"line":107,"column":30},"end":{"line":107,"column":null}},"45":{"start":{"line":109,"column":29},"end":{"line":109,"column":null}},"46":{"start":{"line":110,"column":12},"end":{"line":116,"column":null}},"47":{"start":{"line":111,"column":16},"end":{"line":111,"column":null}},"48":{"start":{"line":112,"column":12},"end":{"line":116,"column":null}},"49":{"start":{"line":113,"column":16},"end":{"line":113,"column":null}},"50":{"start":{"line":115,"column":16},"end":{"line":115,"column":null}},"51":{"start":{"line":119,"column":32},"end":{"line":119,"column":null}},"52":{"start":{"line":121,"column":12},"end":{"line":121,"column":null}},"53":{"start":{"line":123,"column":24},"end":{"line":123,"column":47}},"54":{"start":{"line":131,"column":38},"end":{"line":429,"column":null}},"55":{"start":{"line":140,"column":26},"end":{"line":140,"column":null}},"56":{"start":{"line":141,"column":10},"end":{"line":141,"column":null}},"57":{"start":{"line":142,"column":10},"end":{"line":142,"column":null}},"58":{"start":{"line":143,"column":10},"end":{"line":143,"column":null}},"59":{"start":{"line":145,"column":37},"end":{"line":145,"column":null}},"60":{"start":{"line":148,"column":29},"end":{"line":164,"column":null}},"61":{"start":{"line":150,"column":8},"end":{"line":152,"column":null}},"62":{"start":{"line":151,"column":12},"end":{"line":151,"column":null}},"63":{"start":{"line":154,"column":21},"end":{"line":154,"column":null}},"64":{"start":{"line":154,"column":37},"end":{"line":154,"column":81}},"65":{"start":{"line":155,"column":8},"end":{"line":160,"column":null}},"66":{"start":{"line":156,"column":12},"end":{"line":158,"column":null}},"67":{"start":{"line":157,"column":16},"end":{"line":157,"column":null}},"68":{"start":{"line":159,"column":12},"end":{"line":159,"column":null}},"69":{"start":{"line":163,"column":8},"end":{"line":163,"column":null}},"70":{"start":{"line":167,"column":25},"end":{"line":167,"column":null}},"71":{"start":{"line":167,"column":43},"end":{"line":167,"column":null}},"72":{"start":{"line":170,"column":49},"end":{"line":170,"column":null}},"73":{"start":{"line":171,"column":4},"end":{"line":171,"column":null}},"74":{"start":{"line":171,"column":27},"end":{"line":171,"column":49}},"75":{"start":{"line":174,"column":40},"end":{"line":174,"column":null}},"76":{"start":{"line":177,"column":32},"end":{"line":177,"column":null}},"77":{"start":{"line":177,"column":52},"end":{"line":177,"column":73}},"78":{"start":{"line":177,"column":84},"end":{"line":177,"column":88}},"79":{"start":{"line":179,"column":26},"end":{"line":179,"column":null}},"80":{"start":{"line":179,"column":46},"end":{"line":179,"column":67}},"81":{"start":{"line":179,"column":78},"end":{"line":179,"column":82}},"82":{"start":{"line":182,"column":28},"end":{"line":182,"column":null}},"83":{"start":{"line":185,"column":30},"end":{"line":185,"column":null}},"84":{"start":{"line":185,"column":43},"end":{"line":185,"column":75}},"85":{"start":{"line":185,"column":86},"end":{"line":185,"column":92}},"86":{"start":{"line":186,"column":23},"end":{"line":186,"column":null}},"87":{"start":{"line":186,"column":37},"end":{"line":186,"column":null}},"88":{"start":{"line":189,"column":35},"end":{"line":201,"column":null}},"89":{"start":{"line":190,"column":30},"end":{"line":190,"column":null}},"90":{"start":{"line":192,"column":32},"end":{"line":192,"column":null}},"91":{"start":{"line":192,"column":60},"end":{"line":192,"column":93}},"92":{"start":{"line":194,"column":8},"end":{"line":197,"column":null}},"93":{"start":{"line":196,"column":12},"end":{"line":196,"column":null}},"94":{"start":{"line":200,"column":8},"end":{"line":200,"column":null}},"95":{"start":{"line":203,"column":4},"end":{"line":426,"column":null}},"96":{"start":{"line":204,"column":14},"end":{"line":204,"column":null}},"97":{"start":{"line":205,"column":14},"end":{"line":205,"column":null}},"98":{"start":{"line":207,"column":8},"end":{"line":210,"column":null}},"99":{"start":{"line":208,"column":12},"end":{"line":208,"column":null}},"100":{"start":{"line":209,"column":12},"end":{"line":209,"column":null}},"101":{"start":{"line":212,"column":31},"end":{"line":222,"column":null}},"102":{"start":{"line":213,"column":25},"end":{"line":213,"column":null}},"103":{"start":{"line":213,"column":47},"end":{"line":213,"column":69}},"104":{"start":{"line":214,"column":12},"end":{"line":214,"column":null}},"105":{"start":{"line":214,"column":65},"end":{"line":214,"column":null}},"106":{"start":{"line":215,"column":12},"end":{"line":215,"column":null}},"107":{"start":{"line":215,"column":74},"end":{"line":215,"column":null}},"108":{"start":{"line":217,"column":28},"end":{"line":217,"column":null}},"109":{"start":{"line":218,"column":27},"end":{"line":218,"column":null}},"110":{"start":{"line":218,"column":52},"end":{"line":218,"column":106}},"111":{"start":{"line":219,"column":12},"end":{"line":219,"column":null}},"112":{"start":{"line":219,"column":25},"end":{"line":219,"column":null}},"113":{"start":{"line":220,"column":12},"end":{"line":220,"column":null}},"114":{"start":{"line":220,"column":95},"end":{"line":220,"column":null}},"115":{"start":{"line":221,"column":12},"end":{"line":221,"column":null}},"116":{"start":{"line":224,"column":44},"end":{"line":224,"column":null}},"117":{"start":{"line":225,"column":25},"end":{"line":225,"column":null}},"118":{"start":{"line":225,"column":42},"end":{"line":225,"column":46}},"119":{"start":{"line":228,"column":32},"end":{"line":228,"column":null}},"120":{"start":{"line":230,"column":8},"end":{"line":277,"column":null}},"121":{"start":{"line":231,"column":33},"end":{"line":231,"column":null}},"122":{"start":{"line":232,"column":27},"end":{"line":232,"column":null}},"123":{"start":{"line":234,"column":12},"end":{"line":276,"column":null}},"124":{"start":{"line":235,"column":35},"end":{"line":244,"column":null}},"125":{"start":{"line":246,"column":16},"end":{"line":275,"column":null}},"126":{"start":{"line":246,"column":29},"end":{"line":246,"column":32}},"127":{"start":{"line":247,"column":20},"end":{"line":274,"column":null}},"128":{"start":{"line":248,"column":38},"end":{"line":248,"column":null}},"129":{"start":{"line":249,"column":24},"end":{"line":257,"column":null}},"130":{"start":{"line":258,"column":24},"end":{"line":261,"column":null}},"131":{"start":{"line":264,"column":24},"end":{"line":273,"column":null}},"132":{"start":{"line":279,"column":8},"end":{"line":425,"column":null}},"133":{"start":{"line":281,"column":34},"end":{"line":282,"column":null}},"134":{"start":{"line":282,"column":32},"end":{"line":282,"column":71}},"135":{"start":{"line":284,"column":32},"end":{"line":284,"column":null}},"136":{"start":{"line":285,"column":37},"end":{"line":285,"column":null}},"137":{"start":{"line":287,"column":12},"end":{"line":306,"column":null}},"138":{"start":{"line":287,"column":25},"end":{"line":287,"column":28}},"139":{"start":{"line":288,"column":26},"end":{"line":288,"column":null}},"140":{"start":{"line":289,"column":16},"end":{"line":289,"column":null}},"141":{"start":{"line":289,"column":48},"end":{"line":289,"column":null}},"142":{"start":{"line":291,"column":39},"end":{"line":291,"column":null}},"143":{"start":{"line":292,"column":34},"end":{"line":292,"column":null}},"144":{"start":{"line":294,"column":16},"end":{"line":302,"column":null}},"145":{"start":{"line":303,"column":16},"end":{"line":303,"column":null}},"146":{"start":{"line":304,"column":16},"end":{"line":304,"column":null}},"147":{"start":{"line":305,"column":16},"end":{"line":305,"column":null}},"148":{"start":{"line":310,"column":12},"end":{"line":335,"column":null}},"149":{"start":{"line":311,"column":40},"end":{"line":311,"column":null}},"150":{"start":{"line":313,"column":35},"end":{"line":316,"column":null}},"151":{"start":{"line":314,"column":33},"end":{"line":314,"column":78}},"152":{"start":{"line":315,"column":36},"end":{"line":315,"column":75}},"153":{"start":{"line":316,"column":33},"end":{"line":316,"column":93}},"154":{"start":{"line":318,"column":16},"end":{"line":334,"column":null}},"155":{"start":{"line":318,"column":29},"end":{"line":318,"column":32}},"156":{"start":{"line":319,"column":30},"end":{"line":319,"column":null}},"157":{"start":{"line":320,"column":43},"end":{"line":320,"column":null}},"158":{"start":{"line":321,"column":38},"end":{"line":321,"column":null}},"159":{"start":{"line":323,"column":20},"end":{"line":331,"column":null}},"160":{"start":{"line":332,"column":20},"end":{"line":332,"column":null}},"161":{"start":{"line":333,"column":20},"end":{"line":333,"column":null}},"162":{"start":{"line":337,"column":12},"end":{"line":348,"column":null}},"163":{"start":{"line":338,"column":16},"end":{"line":347,"column":null}},"164":{"start":{"line":349,"column":12},"end":{"line":349,"column":null}},"165":{"start":{"line":352,"column":35},"end":{"line":352,"column":null}},"166":{"start":{"line":354,"column":29},"end":{"line":369,"column":null}},"167":{"start":{"line":355,"column":34},"end":{"line":355,"column":null}},"168":{"start":{"line":357,"column":16},"end":{"line":365,"column":null}},"169":{"start":{"line":366,"column":16},"end":{"line":366,"column":null}},"170":{"start":{"line":367,"column":16},"end":{"line":367,"column":null}},"171":{"start":{"line":368,"column":16},"end":{"line":368,"column":null}},"172":{"start":{"line":368,"column":30},"end":{"line":368,"column":null}},"173":{"start":{"line":371,"column":40},"end":{"line":376,"column":null}},"174":{"start":{"line":372,"column":16},"end":{"line":375,"column":null}},"175":{"start":{"line":372,"column":50},"end":{"line":372,"column":63}},"176":{"start":{"line":373,"column":33},"end":{"line":373,"column":80}},"177":{"start":{"line":374,"column":36},"end":{"line":374,"column":75}},"178":{"start":{"line":375,"column":33},"end":{"line":375,"column":93}},"179":{"start":{"line":379,"column":34},"end":{"line":379,"column":null}},"180":{"start":{"line":379,"column":78},"end":{"line":379,"column":112}},"181":{"start":{"line":380,"column":12},"end":{"line":383,"column":null}},"182":{"start":{"line":381,"column":39},"end":{"line":381,"column":null}},"183":{"start":{"line":382,"column":16},"end":{"line":382,"column":null}},"184":{"start":{"line":386,"column":12},"end":{"line":391,"column":null}},"185":{"start":{"line":387,"column":16},"end":{"line":387,"column":null}},"186":{"start":{"line":387,"column":48},"end":{"line":387,"column":null}},"187":{"start":{"line":388,"column":32},"end":{"line":388,"column":null}},"188":{"start":{"line":389,"column":39},"end":{"line":389,"column":null}},"189":{"start":{"line":390,"column":16},"end":{"line":390,"column":null}},"190":{"start":{"line":394,"column":12},"end":{"line":398,"column":null}},"191":{"start":{"line":394,"column":37},"end":{"line":394,"column":69}},"192":{"start":{"line":395,"column":16},"end":{"line":395,"column":null}},"193":{"start":{"line":395,"column":48},"end":{"line":395,"column":null}},"194":{"start":{"line":396,"column":39},"end":{"line":396,"column":null}},"195":{"start":{"line":397,"column":16},"end":{"line":397,"column":null}},"196":{"start":{"line":401,"column":12},"end":{"line":407,"column":null}},"197":{"start":{"line":402,"column":16},"end":{"line":406,"column":null}},"198":{"start":{"line":402,"column":43},"end":{"line":402,"column":56}},"199":{"start":{"line":403,"column":20},"end":{"line":403,"column":null}},"200":{"start":{"line":403,"column":52},"end":{"line":403,"column":null}},"201":{"start":{"line":404,"column":43},"end":{"line":404,"column":null}},"202":{"start":{"line":405,"column":20},"end":{"line":405,"column":null}},"203":{"start":{"line":409,"column":28},"end":{"line":409,"column":null}},"204":{"start":{"line":410,"column":12},"end":{"line":423,"column":null}},"205":{"start":{"line":411,"column":16},"end":{"line":422,"column":null}},"206":{"start":{"line":411,"column":29},"end":{"line":411,"column":32}},"207":{"start":{"line":412,"column":20},"end":{"line":421,"column":null}},"208":{"start":{"line":424,"column":12},"end":{"line":424,"column":null}},"209":{"start":{"line":428,"column":4},"end":{"line":428,"column":null}},"210":{"start":{"line":435,"column":54},"end":{"line":454,"column":null}},"211":{"start":{"line":444,"column":25},"end":{"line":444,"column":null}},"212":{"start":{"line":445,"column":4},"end":{"line":453,"column":null}}},"fnMap":{"0":{"name":"(anonymous_0)","decl":{"start":{"line":7,"column":32},"end":{"line":7,"column":null}},"loc":{"start":{"line":12,"column":14},"end":{"line":23,"column":null}},"line":12},"1":{"name":"(anonymous_1)","decl":{"start":{"line":14,"column":34},"end":{"line":14,"column":39}},"loc":{"start":{"line":14,"column":39},"end":{"line":14,"column":61}},"line":14},"2":{"name":"(anonymous_2)","decl":{"start":{"line":19,"column":44},"end":{"line":19,"column":50}},"loc":{"start":{"line":19,"column":44},"end":{"line":19,"column":98}},"line":19},"3":{"name":"(anonymous_3)","decl":{"start":{"line":29,"column":36},"end":{"line":29,"column":null}},"loc":{"start":{"line":37,"column":14},"end":{"line":54,"column":null}},"line":37},"4":{"name":"(anonymous_4)","decl":{"start":{"line":42,"column":43},"end":{"line":42,"column":52}},"loc":{"start":{"line":42,"column":52},"end":{"line":51,"column":5}},"line":42},"5":{"name":"(anonymous_5)","decl":{"start":{"line":59,"column":29},"end":{"line":59,"column":null}},"loc":{"start":{"line":64,"column":13},"end":{"line":73,"column":null}},"line":64},"6":{"name":"(anonymous_6)","decl":{"start":{"line":65,"column":33},"end":{"line":65,"column":42}},"loc":{"start":{"line":65,"column":42},"end":{"line":72,"column":5}},"line":65},"7":{"name":"(anonymous_7)","decl":{"start":{"line":78,"column":27},"end":{"line":78,"column":null}},"loc":{"start":{"line":87,"column":14},"end":{"line":92,"column":null}},"line":87},"8":{"name":"(anonymous_8)","decl":{"start":{"line":89,"column":16},"end":{"line":89,"column":25}},"loc":{"start":{"line":89,"column":25},"end":{"line":89,"column":123}},"line":89},"9":{"name":"(anonymous_9)","decl":{"start":{"line":90,"column":14},"end":{"line":90,"column":15}},"loc":{"start":{"line":90,"column":24},"end":{"line":90,"column":63}},"line":90},"10":{"name":"(anonymous_10)","decl":{"start":{"line":91,"column":16},"end":{"line":91,"column":21}},"loc":{"start":{"line":91,"column":21},"end":{"line":91,"column":81}},"line":91},"11":{"name":"(anonymous_11)","decl":{"start":{"line":97,"column":30},"end":{"line":97,"column":null}},"loc":{"start":{"line":101,"column":25},"end":{"line":124,"column":null}},"line":101},"12":{"name":"(anonymous_12)","decl":{"start":{"line":103,"column":16},"end":{"line":103,"column":23}},"loc":{"start":{"line":103,"column":23},"end":{"line":122,"column":9}},"line":103},"13":{"name":"(anonymous_13)","decl":{"start":{"line":123,"column":14},"end":{"line":123,"column":15}},"loc":{"start":{"line":123,"column":24},"end":{"line":123,"column":47}},"line":123},"14":{"name":"(anonymous_14)","decl":{"start":{"line":131,"column":38},"end":{"line":131,"column":null}},"loc":{"start":{"line":139,"column":14},"end":{"line":429,"column":null}},"line":139},"15":{"name":"(anonymous_15)","decl":{"start":{"line":148,"column":29},"end":{"line":148,"column":30}},"loc":{"start":{"line":148,"column":97},"end":{"line":164,"column":null}},"line":148},"16":{"name":"(anonymous_16)","decl":{"start":{"line":154,"column":32},"end":{"line":154,"column":37}},"loc":{"start":{"line":154,"column":37},"end":{"line":154,"column":81}},"line":154},"17":{"name":"(anonymous_17)","decl":{"start":{"line":167,"column":25},"end":{"line":167,"column":26}},"loc":{"start":{"line":167,"column":43},"end":{"line":167,"column":null}},"line":167},"18":{"name":"(anonymous_18)","decl":{"start":{"line":171,"column":22},"end":{"line":171,"column":27}},"loc":{"start":{"line":171,"column":27},"end":{"line":171,"column":49}},"line":171},"19":{"name":"(anonymous_19)","decl":{"start":{"line":177,"column":47},"end":{"line":177,"column":52}},"loc":{"start":{"line":177,"column":52},"end":{"line":177,"column":73}},"line":177},"20":{"name":"(anonymous_20)","decl":{"start":{"line":177,"column":79},"end":{"line":177,"column":84}},"loc":{"start":{"line":177,"column":84},"end":{"line":177,"column":88}},"line":177},"21":{"name":"(anonymous_21)","decl":{"start":{"line":179,"column":41},"end":{"line":179,"column":46}},"loc":{"start":{"line":179,"column":46},"end":{"line":179,"column":67}},"line":179},"22":{"name":"(anonymous_22)","decl":{"start":{"line":179,"column":73},"end":{"line":179,"column":78}},"loc":{"start":{"line":179,"column":78},"end":{"line":179,"column":82}},"line":179},"23":{"name":"(anonymous_23)","decl":{"start":{"line":185,"column":43},"end":{"line":185,"column":49}},"loc":{"start":{"line":185,"column":43},"end":{"line":185,"column":75}},"line":185},"24":{"name":"(anonymous_24)","decl":{"start":{"line":185,"column":81},"end":{"line":185,"column":86}},"loc":{"start":{"line":185,"column":86},"end":{"line":185,"column":92}},"line":185},"25":{"name":"(anonymous_25)","decl":{"start":{"line":186,"column":23},"end":{"line":186,"column":24}},"loc":{"start":{"line":186,"column":37},"end":{"line":186,"column":null}},"line":186},"26":{"name":"(anonymous_26)","decl":{"start":{"line":189,"column":35},"end":{"line":189,"column":36}},"loc":{"start":{"line":189,"column":61},"end":{"line":201,"column":null}},"line":189},"27":{"name":"(anonymous_27)","decl":{"start":{"line":192,"column":53},"end":{"line":192,"column":60}},"loc":{"start":{"line":192,"column":60},"end":{"line":192,"column":93}},"line":192},"28":{"name":"(anonymous_28)","decl":{"start":{"line":203,"column":17},"end":{"line":203,"column":25}},"loc":{"start":{"line":203,"column":25},"end":{"line":426,"column":5}},"line":203},"29":{"name":"(anonymous_29)","decl":{"start":{"line":212,"column":48},"end":{"line":212,"column":57}},"loc":{"start":{"line":212,"column":57},"end":{"line":222,"column":9}},"line":212},"30":{"name":"(anonymous_30)","decl":{"start":{"line":213,"column":42},"end":{"line":213,"column":47}},"loc":{"start":{"line":213,"column":47},"end":{"line":213,"column":69}},"line":213},"31":{"name":"(anonymous_31)","decl":{"start":{"line":218,"column":52},"end":{"line":218,"column":58}},"loc":{"start":{"line":218,"column":52},"end":{"line":218,"column":106}},"line":218},"32":{"name":"(anonymous_32)","decl":{"start":{"line":225,"column":37},"end":{"line":225,"column":42}},"loc":{"start":{"line":225,"column":42},"end":{"line":225,"column":46}},"line":225},"33":{"name":"(anonymous_33)","decl":{"start":{"line":230,"column":32},"end":{"line":230,"column":39}},"loc":{"start":{"line":230,"column":39},"end":{"line":277,"column":9}},"line":230},"34":{"name":"(anonymous_34)","decl":{"start":{"line":282,"column":22},"end":{"line":282,"column":23}},"loc":{"start":{"line":282,"column":32},"end":{"line":282,"column":71}},"line":282},"35":{"name":"(anonymous_35)","decl":{"start":{"line":314,"column":28},"end":{"line":314,"column":33}},"loc":{"start":{"line":314,"column":33},"end":{"line":314,"column":78}},"line":314},"36":{"name":"(anonymous_36)","decl":{"start":{"line":315,"column":26},"end":{"line":315,"column":27}},"loc":{"start":{"line":315,"column":36},"end":{"line":315,"column":75}},"line":315},"37":{"name":"(anonymous_37)","decl":{"start":{"line":316,"column":28},"end":{"line":316,"column":33}},"loc":{"start":{"line":316,"column":33},"end":{"line":316,"column":93}},"line":316},"38":{"name":"(anonymous_38)","decl":{"start":{"line":354,"column":29},"end":{"line":354,"column":30}},"loc":{"start":{"line":354,"column":93},"end":{"line":369,"column":null}},"line":354},"39":{"name":"(anonymous_39)","decl":{"start":{"line":371,"column":40},"end":{"line":371,"column":41}},"loc":{"start":{"line":371,"column":79},"end":{"line":376,"column":null}},"line":371},"40":{"name":"(anonymous_40)","decl":{"start":{"line":372,"column":45},"end":{"line":372,"column":50}},"loc":{"start":{"line":372,"column":50},"end":{"line":372,"column":63}},"line":372},"41":{"name":"(anonymous_41)","decl":{"start":{"line":373,"column":28},"end":{"line":373,"column":33}},"loc":{"start":{"line":373,"column":33},"end":{"line":373,"column":80}},"line":373},"42":{"name":"(anonymous_42)","decl":{"start":{"line":374,"column":26},"end":{"line":374,"column":27}},"loc":{"start":{"line":374,"column":36},"end":{"line":374,"column":75}},"line":374},"43":{"name":"(anonymous_43)","decl":{"start":{"line":375,"column":28},"end":{"line":375,"column":33}},"loc":{"start":{"line":375,"column":33},"end":{"line":375,"column":93}},"line":375},"44":{"name":"(anonymous_44)","decl":{"start":{"line":379,"column":73},"end":{"line":379,"column":78}},"loc":{"start":{"line":379,"column":78},"end":{"line":379,"column":112}},"line":379},"45":{"name":"(anonymous_45)","decl":{"start":{"line":386,"column":52},"end":{"line":386,"column":53}},"loc":{"start":{"line":386,"column":64},"end":{"line":391,"column":13}},"line":386},"46":{"name":"(anonymous_46)","decl":{"start":{"line":394,"column":32},"end":{"line":394,"column":37}},"loc":{"start":{"line":394,"column":37},"end":{"line":394,"column":69}},"line":394},"47":{"name":"(anonymous_47)","decl":{"start":{"line":394,"column":79},"end":{"line":394,"column":84}},"loc":{"start":{"line":394,"column":84},"end":{"line":398,"column":13}},"line":394},"48":{"name":"(anonymous_48)","decl":{"start":{"line":402,"column":38},"end":{"line":402,"column":43}},"loc":{"start":{"line":402,"column":43},"end":{"line":402,"column":56}},"line":402},"49":{"name":"(anonymous_49)","decl":{"start":{"line":402,"column":66},"end":{"line":402,"column":71}},"loc":{"start":{"line":402,"column":71},"end":{"line":406,"column":17}},"line":402},"50":{"name":"(anonymous_50)","decl":{"start":{"line":435,"column":54},"end":{"line":435,"column":null}},"loc":{"start":{"line":443,"column":23},"end":{"line":454,"column":null}},"line":443}},"branchMap":{"0":{"loc":{"start":{"line":15,"column":4},"end":{"line":15,"column":null}},"type":"if","locations":[{"start":{"line":15,"column":4},"end":{"line":15,"column":null}},{"start":{},"end":{}}],"line":15},"1":{"loc":{"start":{"line":15,"column":8},"end":{"line":15,"column":57}},"type":"binary-expr","locations":[{"start":{"line":15,"column":8},"end":{"line":15,"column":16}},{"start":{"line":15,"column":16},"end":{"line":15,"column":57}}],"line":15},"2":{"loc":{"start":{"line":16,"column":4},"end":{"line":16,"column":null}},"type":"if","locations":[{"start":{"line":16,"column":4},"end":{"line":16,"column":null}},{"start":{},"end":{}}],"line":16},"3":{"loc":{"start":{"line":16,"column":8},"end":{"line":16,"column":66}},"type":"binary-expr","locations":[{"start":{"line":16,"column":8},"end":{"line":16,"column":32}},{"start":{"line":16,"column":32},"end":{"line":16,"column":66}}],"line":16},"4":{"loc":{"start":{"line":19,"column":50},"end":{"line":19,"column":89}},"type":"cond-expr","locations":[{"start":{"line":19,"column":74},"end":{"line":19,"column":78}},{"start":{"line":19,"column":78},"end":{"line":19,"column":89}}],"line":19},"5":{"loc":{"start":{"line":20,"column":4},"end":{"line":20,"column":null}},"type":"if","locations":[{"start":{"line":20,"column":4},"end":{"line":20,"column":null}},{"start":{},"end":{}}],"line":20},"6":{"loc":{"start":{"line":21,"column":4},"end":{"line":21,"column":null}},"type":"if","locations":[{"start":{"line":21,"column":4},"end":{"line":21,"column":null}},{"start":{},"end":{}}],"line":21},"7":{"loc":{"start":{"line":21,"column":8},"end":{"line":21,"column":87}},"type":"binary-expr","locations":[{"start":{"line":21,"column":8},"end":{"line":21,"column":38}},{"start":{"line":21,"column":38},"end":{"line":21,"column":54}},{"start":{"line":21,"column":54},"end":{"line":21,"column":87}}],"line":21},"8":{"loc":{"start":{"line":39,"column":4},"end":{"line":39,"column":null}},"type":"if","locations":[{"start":{"line":39,"column":4},"end":{"line":39,"column":null}},{"start":{},"end":{}}],"line":39},"9":{"loc":{"start":{"line":43,"column":8},"end":{"line":43,"column":null}},"type":"if","locations":[{"start":{"line":43,"column":8},"end":{"line":43,"column":null}},{"start":{},"end":{}}],"line":43},"10":{"loc":{"start":{"line":43,"column":12},"end":{"line":43,"column":66}},"type":"binary-expr","locations":[{"start":{"line":43,"column":12},"end":{"line":43,"column":42}},{"start":{"line":43,"column":42},"end":{"line":43,"column":66}}],"line":43},"11":{"loc":{"start":{"line":44,"column":8},"end":{"line":44,"column":null}},"type":"if","locations":[{"start":{"line":44,"column":8},"end":{"line":44,"column":null}},{"start":{},"end":{}}],"line":44},"12":{"loc":{"start":{"line":50,"column":16},"end":{"line":50,"column":null}},"type":"binary-expr","locations":[{"start":{"line":50,"column":16},"end":{"line":50,"column":40}},{"start":{"line":50,"column":40},"end":{"line":50,"column":null}}],"line":50},"13":{"loc":{"start":{"line":66,"column":8},"end":{"line":66,"column":null}},"type":"if","locations":[{"start":{"line":66,"column":8},"end":{"line":66,"column":null}},{"start":{},"end":{}}],"line":66},"14":{"loc":{"start":{"line":67,"column":8},"end":{"line":67,"column":null}},"type":"if","locations":[{"start":{"line":67,"column":8},"end":{"line":67,"column":null}},{"start":{},"end":{}}],"line":67},"15":{"loc":{"start":{"line":68,"column":8},"end":{"line":68,"column":null}},"type":"if","locations":[{"start":{"line":68,"column":8},"end":{"line":68,"column":null}},{"start":{},"end":{}}],"line":68},"16":{"loc":{"start":{"line":71,"column":16},"end":{"line":71,"column":null}},"type":"binary-expr","locations":[{"start":{"line":71,"column":16},"end":{"line":71,"column":45}},{"start":{"line":71,"column":45},"end":{"line":71,"column":null}}],"line":71},"17":{"loc":{"start":{"line":91,"column":21},"end":{"line":91,"column":81}},"type":"binary-expr","locations":[{"start":{"line":91,"column":21},"end":{"line":91,"column":47}},{"start":{"line":91,"column":47},"end":{"line":91,"column":81}}],"line":91},"18":{"loc":{"start":{"line":107,"column":30},"end":{"line":107,"column":null}},"type":"binary-expr","locations":[{"start":{"line":107,"column":30},"end":{"line":107,"column":48}},{"start":{"line":107,"column":48},"end":{"line":107,"column":null}}],"line":107},"19":{"loc":{"start":{"line":110,"column":12},"end":{"line":116,"column":null}},"type":"if","locations":[{"start":{"line":110,"column":12},"end":{"line":116,"column":null}},{"start":{"line":112,"column":12},"end":{"line":116,"column":null}}],"line":110},"20":{"loc":{"start":{"line":112,"column":12},"end":{"line":116,"column":null}},"type":"if","locations":[{"start":{"line":112,"column":12},"end":{"line":116,"column":null}},{"start":{"line":114,"column":19},"end":{"line":116,"column":null}}],"line":112},"21":{"loc":{"start":{"line":121,"column":19},"end":{"line":121,"column":null}},"type":"binary-expr","locations":[{"start":{"line":121,"column":19},"end":{"line":121,"column":33}},{"start":{"line":121,"column":33},"end":{"line":121,"column":null}}],"line":121},"22":{"loc":{"start":{"line":137,"column":4},"end":{"line":137,"column":null}},"type":"default-arg","locations":[{"start":{"line":137,"column":25},"end":{"line":137,"column":null}}],"line":137},"23":{"loc":{"start":{"line":138,"column":4},"end":{"line":138,"column":null}},"type":"default-arg","locations":[{"start":{"line":138,"column":39},"end":{"line":138,"column":null}}],"line":138},"24":{"loc":{"start":{"line":150,"column":8},"end":{"line":152,"column":null}},"type":"if","locations":[{"start":{"line":150,"column":8},"end":{"line":152,"column":null}},{"start":{},"end":{}}],"line":150},"25":{"loc":{"start":{"line":150,"column":12},"end":{"line":150,"column":76}},"type":"binary-expr","locations":[{"start":{"line":150,"column":12},"end":{"line":150,"column":46}},{"start":{"line":150,"column":46},"end":{"line":150,"column":76}}],"line":150},"26":{"loc":{"start":{"line":154,"column":37},"end":{"line":154,"column":81}},"type":"binary-expr","locations":[{"start":{"line":154,"column":37},"end":{"line":154,"column":62}},{"start":{"line":154,"column":62},"end":{"line":154,"column":81}}],"line":154},"27":{"loc":{"start":{"line":155,"column":8},"end":{"line":160,"column":null}},"type":"if","locations":[{"start":{"line":155,"column":8},"end":{"line":160,"column":null}},{"start":{},"end":{}}],"line":155},"28":{"loc":{"start":{"line":155,"column":12},"end":{"line":155,"column":46}},"type":"binary-expr","locations":[{"start":{"line":155,"column":12},"end":{"line":155,"column":20}},{"start":{"line":155,"column":20},"end":{"line":155,"column":46}}],"line":155},"29":{"loc":{"start":{"line":156,"column":12},"end":{"line":158,"column":null}},"type":"if","locations":[{"start":{"line":156,"column":12},"end":{"line":158,"column":null}},{"start":{},"end":{}}],"line":156},"30":{"loc":{"start":{"line":156,"column":16},"end":{"line":156,"column":55}},"type":"binary-expr","locations":[{"start":{"line":156,"column":16},"end":{"line":156,"column":27}},{"start":{"line":156,"column":27},"end":{"line":156,"column":55}}],"line":156},"31":{"loc":{"start":{"line":163,"column":15},"end":{"line":163,"column":null}},"type":"cond-expr","locations":[{"start":{"line":163,"column":25},"end":{"line":163,"column":60}},{"start":{"line":163,"column":60},"end":{"line":163,"column":null}}],"line":163},"32":{"loc":{"start":{"line":182,"column":28},"end":{"line":182,"column":null}},"type":"binary-expr","locations":[{"start":{"line":182,"column":28},"end":{"line":182,"column":48}},{"start":{"line":182,"column":48},"end":{"line":182,"column":66}},{"start":{"line":182,"column":66},"end":{"line":182,"column":null}}],"line":182},"33":{"loc":{"start":{"line":185,"column":49},"end":{"line":185,"column":72}},"type":"binary-expr","locations":[{"start":{"line":185,"column":49},"end":{"line":185,"column":66}},{"start":{"line":185,"column":66},"end":{"line":185,"column":72}}],"line":185},"34":{"loc":{"start":{"line":190,"column":30},"end":{"line":190,"column":null}},"type":"binary-expr","locations":[{"start":{"line":190,"column":30},"end":{"line":190,"column":48}},{"start":{"line":190,"column":48},"end":{"line":190,"column":null}}],"line":190},"35":{"loc":{"start":{"line":194,"column":8},"end":{"line":197,"column":null}},"type":"if","locations":[{"start":{"line":194,"column":8},"end":{"line":197,"column":null}},{"start":{},"end":{}}],"line":194},"36":{"loc":{"start":{"line":207,"column":8},"end":{"line":210,"column":null}},"type":"if","locations":[{"start":{"line":207,"column":8},"end":{"line":210,"column":null}},{"start":{},"end":{}}],"line":207},"37":{"loc":{"start":{"line":207,"column":12},"end":{"line":207,"column":59}},"type":"binary-expr","locations":[{"start":{"line":207,"column":12},"end":{"line":207,"column":31}},{"start":{"line":207,"column":31},"end":{"line":207,"column":59}}],"line":207},"38":{"loc":{"start":{"line":214,"column":12},"end":{"line":214,"column":null}},"type":"if","locations":[{"start":{"line":214,"column":12},"end":{"line":214,"column":null}},{"start":{},"end":{}}],"line":214},"39":{"loc":{"start":{"line":214,"column":16},"end":{"line":214,"column":65}},"type":"binary-expr","locations":[{"start":{"line":214,"column":16},"end":{"line":214,"column":24}},{"start":{"line":214,"column":24},"end":{"line":214,"column":65}}],"line":214},"40":{"loc":{"start":{"line":215,"column":12},"end":{"line":215,"column":null}},"type":"if","locations":[{"start":{"line":215,"column":12},"end":{"line":215,"column":null}},{"start":{},"end":{}}],"line":215},"41":{"loc":{"start":{"line":215,"column":16},"end":{"line":215,"column":74}},"type":"binary-expr","locations":[{"start":{"line":215,"column":16},"end":{"line":215,"column":40}},{"start":{"line":215,"column":40},"end":{"line":215,"column":74}}],"line":215},"42":{"loc":{"start":{"line":218,"column":58},"end":{"line":218,"column":97}},"type":"cond-expr","locations":[{"start":{"line":218,"column":82},"end":{"line":218,"column":86}},{"start":{"line":218,"column":86},"end":{"line":218,"column":97}}],"line":218},"43":{"loc":{"start":{"line":219,"column":12},"end":{"line":219,"column":null}},"type":"if","locations":[{"start":{"line":219,"column":12},"end":{"line":219,"column":null}},{"start":{},"end":{}}],"line":219},"44":{"loc":{"start":{"line":220,"column":12},"end":{"line":220,"column":null}},"type":"if","locations":[{"start":{"line":220,"column":12},"end":{"line":220,"column":null}},{"start":{},"end":{}}],"line":220},"45":{"loc":{"start":{"line":220,"column":16},"end":{"line":220,"column":95}},"type":"binary-expr","locations":[{"start":{"line":220,"column":16},"end":{"line":220,"column":46}},{"start":{"line":220,"column":46},"end":{"line":220,"column":62}},{"start":{"line":220,"column":62},"end":{"line":220,"column":95}}],"line":220},"46":{"loc":{"start":{"line":234,"column":12},"end":{"line":276,"column":null}},"type":"if","locations":[{"start":{"line":234,"column":12},"end":{"line":276,"column":null}},{"start":{},"end":{}}],"line":234},"47":{"loc":{"start":{"line":247,"column":20},"end":{"line":274,"column":null}},"type":"if","locations":[{"start":{"line":247,"column":20},"end":{"line":274,"column":null}},{"start":{"line":262,"column":27},"end":{"line":274,"column":null}}],"line":247},"48":{"loc":{"start":{"line":279,"column":8},"end":{"line":425,"column":null}},"type":"if","locations":[{"start":{"line":279,"column":8},"end":{"line":425,"column":null}},{"start":{"line":350,"column":15},"end":{"line":425,"column":null}}],"line":279},"49":{"loc":{"start":{"line":289,"column":16},"end":{"line":289,"column":null}},"type":"if","locations":[{"start":{"line":289,"column":16},"end":{"line":289,"column":null}},{"start":{},"end":{}}],"line":289},"50":{"loc":{"start":{"line":310,"column":12},"end":{"line":335,"column":null}},"type":"if","locations":[{"start":{"line":310,"column":12},"end":{"line":335,"column":null}},{"start":{},"end":{}}],"line":310},"51":{"loc":{"start":{"line":310,"column":16},"end":{"line":310,"column":63}},"type":"binary-expr","locations":[{"start":{"line":310,"column":16},"end":{"line":310,"column":37}},{"start":{"line":310,"column":37},"end":{"line":310,"column":63}}],"line":310},"52":{"loc":{"start":{"line":314,"column":33},"end":{"line":314,"column":78}},"type":"binary-expr","locations":[{"start":{"line":314,"column":33},"end":{"line":314,"column":51}},{"start":{"line":314,"column":51},"end":{"line":314,"column":78}}],"line":314},"53":{"loc":{"start":{"line":316,"column":33},"end":{"line":316,"column":93}},"type":"binary-expr","locations":[{"start":{"line":316,"column":33},"end":{"line":316,"column":59}},{"start":{"line":316,"column":59},"end":{"line":316,"column":93}}],"line":316},"54":{"loc":{"start":{"line":337,"column":12},"end":{"line":348,"column":null}},"type":"if","locations":[{"start":{"line":337,"column":12},"end":{"line":348,"column":null}},{"start":{},"end":{}}],"line":337},"55":{"loc":{"start":{"line":368,"column":16},"end":{"line":368,"column":null}},"type":"if","locations":[{"start":{"line":368,"column":16},"end":{"line":368,"column":null}},{"start":{},"end":{}}],"line":368},"56":{"loc":{"start":{"line":375,"column":33},"end":{"line":375,"column":93}},"type":"binary-expr","locations":[{"start":{"line":375,"column":33},"end":{"line":375,"column":59}},{"start":{"line":375,"column":59},"end":{"line":375,"column":93}}],"line":375},"57":{"loc":{"start":{"line":380,"column":12},"end":{"line":383,"column":null}},"type":"if","locations":[{"start":{"line":380,"column":12},"end":{"line":383,"column":null}},{"start":{},"end":{}}],"line":380},"58":{"loc":{"start":{"line":387,"column":16},"end":{"line":387,"column":null}},"type":"if","locations":[{"start":{"line":387,"column":16},"end":{"line":387,"column":null}},{"start":{},"end":{}}],"line":387},"59":{"loc":{"start":{"line":394,"column":37},"end":{"line":394,"column":69}},"type":"binary-expr","locations":[{"start":{"line":394,"column":37},"end":{"line":394,"column":55}},{"start":{"line":394,"column":55},"end":{"line":394,"column":69}}],"line":394},"60":{"loc":{"start":{"line":395,"column":16},"end":{"line":395,"column":null}},"type":"if","locations":[{"start":{"line":395,"column":16},"end":{"line":395,"column":null}},{"start":{},"end":{}}],"line":395},"61":{"loc":{"start":{"line":401,"column":12},"end":{"line":407,"column":null}},"type":"if","locations":[{"start":{"line":401,"column":12},"end":{"line":407,"column":null}},{"start":{},"end":{}}],"line":401},"62":{"loc":{"start":{"line":403,"column":20},"end":{"line":403,"column":null}},"type":"if","locations":[{"start":{"line":403,"column":20},"end":{"line":403,"column":null}},{"start":{},"end":{}}],"line":403},"63":{"loc":{"start":{"line":410,"column":12},"end":{"line":423,"column":null}},"type":"if","locations":[{"start":{"line":410,"column":12},"end":{"line":423,"column":null}},{"start":{},"end":{}}],"line":410},"64":{"loc":{"start":{"line":441,"column":4},"end":{"line":441,"column":null}},"type":"default-arg","locations":[{"start":{"line":441,"column":25},"end":{"line":441,"column":null}}],"line":441}},"s":{"0":1,"1":359,"2":359,"3":41,"4":359,"5":0,"6":359,"7":356,"8":3,"9":3,"10":3,"11":3,"12":0,"13":3,"14":0,"15":3,"16":1,"17":0,"18":0,"19":0,"20":0,"21":0,"22":0,"23":0,"24":0,"25":0,"26":0,"27":0,"28":1,"29":0,"30":0,"31":0,"32":0,"33":0,"34":0,"35":0,"36":0,"37":1,"38":0,"39":0,"40":0,"41":0,"42":1,"43":200,"44":0,"45":0,"46":0,"47":0,"48":0,"49":0,"50":0,"51":0,"52":0,"53":0,"54":1,"55":8,"56":8,"57":8,"58":8,"59":8,"60":8,"61":351,"62":0,"63":351,"64":63,"65":351,"66":0,"67":0,"68":0,"69":351,"70":8,"71":316,"72":8,"73":8,"74":18,"75":8,"76":8,"77":24,"78":16,"79":8,"80":24,"81":8,"82":8,"83":8,"84":1,"85":1,"86":8,"87":1201,"88":8,"89":351,"90":351,"91":0,"92":351,"93":0,"94":351,"95":8,"96":240,"97":240,"98":240,"99":40,"100":40,"101":200,"102":450,"103":50,"104":450,"105":1,"106":449,"107":424,"108":25,"109":25,"110":25,"111":25,"112":20,"113":5,"114":2,"115":3,"116":200,"117":200,"118":600,"119":200,"120":200,"121":0,"122":0,"123":0,"124":0,"125":0,"126":0,"127":0,"128":0,"129":0,"130":0,"131":0,"132":200,"133":32,"134":4,"135":32,"136":32,"137":32,"138":32,"139":8,"140":8,"141":0,"142":8,"143":8,"144":8,"145":8,"146":8,"147":8,"148":32,"149":28,"150":28,"151":56,"152":35,"153":56,"154":28,"155":28,"156":34,"157":34,"158":34,"159":34,"160":34,"161":34,"162":32,"163":16,"164":32,"165":168,"166":168,"167":309,"168":309,"169":309,"170":309,"171":309,"172":10,"173":168,"174":336,"175":718,"176":359,"177":221,"178":359,"179":168,"180":42,"181":168,"182":8,"183":8,"184":168,"185":27,"186":0,"187":27,"188":27,"189":27,"190":168,"191":359,"192":274,"193":0,"194":274,"195":274,"196":168,"197":166,"198":347,"199":0,"200":0,"201":0,"202":0,"203":168,"204":168,"205":166,"206":166,"207":707,"208":168,"209":8,"210":1,"211":0,"212":0},"f":{"0":359,"1":41,"2":3,"3":0,"4":0,"5":0,"6":0,"7":0,"8":0,"9":0,"10":0,"11":200,"12":0,"13":0,"14":8,"15":351,"16":63,"17":316,"18":18,"19":24,"20":16,"21":24,"22":8,"23":1,"24":1,"25":1201,"26":351,"27":0,"28":240,"29":450,"30":50,"31":25,"32":600,"33":0,"34":4,"35":56,"36":35,"37":56,"38":309,"39":336,"40":718,"41":359,"42":221,"43":359,"44":42,"45":27,"46":359,"47":274,"48":347,"49":0,"50":0},"b":{"0":[0,359],"1":[359,20],"2":[356,3],"3":[359,3],"4":[0,3],"5":[0,3],"6":[0,3],"7":[3,3,3],"8":[0,0],"9":[0,0],"10":[0,0],"11":[0,0],"12":[0,0],"13":[0,0],"14":[0,0],"15":[0,0],"16":[0,0],"17":[0,0],"18":[0,0],"19":[0,0],"20":[0,0],"21":[0,0],"22":[8],"23":[8],"24":[0,351],"25":[351,0],"26":[63,20],"27":[0,351],"28":[351,43],"29":[0,0],"30":[0,0],"31":[341,10],"32":[8,0,0],"33":[1,0],"34":[351,351],"35":[0,351],"36":[40,200],"37":[240,200],"38":[1,449],"39":[450,25],"40":[424,25],"41":[449,25],"42":[0,25],"43":[20,5],"44":[2,3],"45":[5,5,5],"46":[0,0],"47":[0,0],"48":[32,168],"49":[0,8],"50":[28,4],"51":[32,28],"52":[56,56],"53":[56,52],"54":[16,16],"55":[10,299],"56":[359,338],"57":[8,160],"58":[0,27],"59":[359,317],"60":[0,274],"61":[166,2],"62":[0,0],"63":[166,2],"64":[0]},"meta":{"lastBranch":65,"lastFunction":51,"lastStatement":213,"seen":{"s:7:32:23:Infinity":0,"f:7:32:7:Infinity":0,"s:13:10:13:Infinity":1,"s:14:17:14:Infinity":2,"f:14:34:14:39":1,"s:14:39:14:61":3,"b:15:4:15:Infinity:undefined:undefined:undefined:undefined":0,"s:15:4:15:Infinity":4,"b:15:8:15:16:15:16:15:57":1,"s:15:57:15:Infinity":5,"b:16:4:16:Infinity:undefined:undefined:undefined:undefined":2,"s:16:4:16:Infinity":6,"b:16:8:16:32:16:32:16:66":3,"s:16:66:16:Infinity":7,"s:18:20:18:Infinity":8,"s:19:19:19:Infinity":9,"f:19:44:19:50":2,"s:19:44:19:98":10,"b:19:74:19:78:19:78:19:89":4,"b:20:4:20:Infinity:undefined:undefined:undefined:undefined":5,"s:20:4:20:Infinity":11,"s:20:17:20:Infinity":12,"b:21:4:21:Infinity:undefined:undefined:undefined:undefined":6,"s:21:4:21:Infinity":13,"b:21:8:21:38:21:38:21:54:21:54:21:87":7,"s:21:87:21:Infinity":14,"s:22:4:22:Infinity":15,"s:29:36:54:Infinity":16,"f:29:36:29:Infinity":3,"b:39:4:39:Infinity:undefined:undefined:undefined:undefined":8,"s:39:4:39:Infinity":17,"s:39:62:39:Infinity":18,"s:42:23:51:Infinity":19,"f:42:43:42:52":4,"b:43:8:43:Infinity:undefined:undefined:undefined:undefined":9,"s:43:8:43:Infinity":20,"b:43:12:43:42:43:42:43:66":10,"s:43:66:43:Infinity":21,"b:44:8:44:Infinity:undefined:undefined:undefined:undefined":11,"s:44:8:44:Infinity":22,"s:44:27:44:Infinity":23,"s:46:27:46:Infinity":24,"s:47:25:47:Infinity":25,"s:50:8:50:Infinity":26,"b:50:16:50:40:50:40:50:Infinity":12,"s:53:4:53:Infinity":27,"s:59:29:73:Infinity":28,"f:59:29:59:Infinity":5,"s:65:4:72:Infinity":29,"f:65:33:65:42":6,"b:66:8:66:Infinity:undefined:undefined:undefined:undefined":13,"s:66:8:66:Infinity":30,"s:66:36:66:Infinity":31,"b:67:8:67:Infinity:undefined:undefined:undefined:undefined":14,"s:67:8:67:Infinity":32,"s:67:27:67:Infinity":33,"b:68:8:68:Infinity:undefined:undefined:undefined:undefined":15,"s:68:8:68:Infinity":34,"s:68:44:68:Infinity":35,"s:71:8:71:Infinity":36,"b:71:16:71:45:71:45:71:Infinity":16,"s:78:27:92:Infinity":37,"f:78:27:78:Infinity":7,"s:88:4:91:Infinity":38,"f:89:16:89:25":8,"s:89:25:89:123":39,"f:90:14:90:15":9,"s:90:24:90:63":40,"f:91:16:91:21":10,"s:91:21:91:81":41,"b:91:21:91:47:91:47:91:81":17,"s:97:30:124:Infinity":42,"f:97:30:97:Infinity":11,"s:102:4:123:Infinity":43,"f:103:16:103:23":12,"s:107:30:107:Infinity":44,"b:107:30:107:48:107:48:107:Infinity":18,"s:109:29:109:Infinity":45,"b:110:12:116:Infinity:112:12:116:Infinity":19,"s:110:12:116:Infinity":46,"s:111:16:111:Infinity":47,"b:112:12:116:Infinity:114:19:116:Infinity":20,"s:112:12:116:Infinity":48,"s:113:16:113:Infinity":49,"s:115:16:115:Infinity":50,"s:119:32:119:Infinity":51,"s:121:12:121:Infinity":52,"b:121:19:121:33:121:33:121:Infinity":21,"f:123:14:123:15":13,"s:123:24:123:47":53,"s:131:38:429:Infinity":54,"f:131:38:131:Infinity":14,"b:137:25:137:Infinity":22,"b:138:39:138:Infinity":23,"s:140:26:140:Infinity":55,"s:141:10:141:Infinity":56,"s:142:10:142:Infinity":57,"s:143:10:143:Infinity":58,"s:145:37:145:Infinity":59,"s:148:29:164:Infinity":60,"f:148:29:148:30":15,"b:150:8:152:Infinity:undefined:undefined:undefined:undefined":24,"s:150:8:152:Infinity":61,"b:150:12:150:46:150:46:150:76":25,"s:151:12:151:Infinity":62,"s:154:21:154:Infinity":63,"f:154:32:154:37":16,"s:154:37:154:81":64,"b:154:37:154:62:154:62:154:81":26,"b:155:8:160:Infinity:undefined:undefined:undefined:undefined":27,"s:155:8:160:Infinity":65,"b:155:12:155:20:155:20:155:46":28,"b:156:12:158:Infinity:undefined:undefined:undefined:undefined":29,"s:156:12:158:Infinity":66,"b:156:16:156:27:156:27:156:55":30,"s:157:16:157:Infinity":67,"s:159:12:159:Infinity":68,"s:163:8:163:Infinity":69,"b:163:25:163:60:163:60:163:Infinity":31,"s:167:25:167:Infinity":70,"f:167:25:167:26":17,"s:167:43:167:Infinity":71,"s:170:49:170:Infinity":72,"s:171:4:171:Infinity":73,"f:171:22:171:27":18,"s:171:27:171:49":74,"s:174:40:174:Infinity":75,"s:177:32:177:Infinity":76,"f:177:47:177:52":19,"s:177:52:177:73":77,"f:177:79:177:84":20,"s:177:84:177:88":78,"s:179:26:179:Infinity":79,"f:179:41:179:46":21,"s:179:46:179:67":80,"f:179:73:179:78":22,"s:179:78:179:82":81,"s:182:28:182:Infinity":82,"b:182:28:182:48:182:48:182:66:182:66:182:Infinity":32,"s:185:30:185:Infinity":83,"f:185:43:185:49":23,"s:185:43:185:75":84,"b:185:49:185:66:185:66:185:72":33,"f:185:81:185:86":24,"s:185:86:185:92":85,"s:186:23:186:Infinity":86,"f:186:23:186:24":25,"s:186:37:186:Infinity":87,"s:189:35:201:Infinity":88,"f:189:35:189:36":26,"s:190:30:190:Infinity":89,"b:190:30:190:48:190:48:190:Infinity":34,"s:192:32:192:Infinity":90,"f:192:53:192:60":27,"s:192:60:192:93":91,"b:194:8:197:Infinity:undefined:undefined:undefined:undefined":35,"s:194:8:197:Infinity":92,"s:196:12:196:Infinity":93,"s:200:8:200:Infinity":94,"s:203:4:426:Infinity":95,"f:203:17:203:25":28,"s:204:14:204:Infinity":96,"s:205:14:205:Infinity":97,"b:207:8:210:Infinity:undefined:undefined:undefined:undefined":36,"s:207:8:210:Infinity":98,"b:207:12:207:31:207:31:207:59":37,"s:208:12:208:Infinity":99,"s:209:12:209:Infinity":100,"s:212:31:222:Infinity":101,"f:212:48:212:57":29,"s:213:25:213:Infinity":102,"f:213:42:213:47":30,"s:213:47:213:69":103,"b:214:12:214:Infinity:undefined:undefined:undefined:undefined":38,"s:214:12:214:Infinity":104,"b:214:16:214:24:214:24:214:65":39,"s:214:65:214:Infinity":105,"b:215:12:215:Infinity:undefined:undefined:undefined:undefined":40,"s:215:12:215:Infinity":106,"b:215:16:215:40:215:40:215:74":41,"s:215:74:215:Infinity":107,"s:217:28:217:Infinity":108,"s:218:27:218:Infinity":109,"f:218:52:218:58":31,"s:218:52:218:106":110,"b:218:82:218:86:218:86:218:97":42,"b:219:12:219:Infinity:undefined:undefined:undefined:undefined":43,"s:219:12:219:Infinity":111,"s:219:25:219:Infinity":112,"b:220:12:220:Infinity:undefined:undefined:undefined:undefined":44,"s:220:12:220:Infinity":113,"b:220:16:220:46:220:46:220:62:220:62:220:95":45,"s:220:95:220:Infinity":114,"s:221:12:221:Infinity":115,"s:224:44:224:Infinity":116,"s:225:25:225:Infinity":117,"f:225:37:225:42":32,"s:225:42:225:46":118,"s:228:32:228:Infinity":119,"s:230:8:277:Infinity":120,"f:230:32:230:39":33,"s:231:33:231:Infinity":121,"s:232:27:232:Infinity":122,"b:234:12:276:Infinity:undefined:undefined:undefined:undefined":46,"s:234:12:276:Infinity":123,"s:235:35:244:Infinity":124,"s:246:16:275:Infinity":125,"s:246:29:246:32":126,"b:247:20:274:Infinity:262:27:274:Infinity":47,"s:247:20:274:Infinity":127,"s:248:38:248:Infinity":128,"s:249:24:257:Infinity":129,"s:258:24:261:Infinity":130,"s:264:24:273:Infinity":131,"b:279:8:425:Infinity:350:15:425:Infinity":48,"s:279:8:425:Infinity":132,"s:281:34:282:Infinity":133,"f:282:22:282:23":34,"s:282:32:282:71":134,"s:284:32:284:Infinity":135,"s:285:37:285:Infinity":136,"s:287:12:306:Infinity":137,"s:287:25:287:28":138,"s:288:26:288:Infinity":139,"b:289:16:289:Infinity:undefined:undefined:undefined:undefined":49,"s:289:16:289:Infinity":140,"s:289:48:289:Infinity":141,"s:291:39:291:Infinity":142,"s:292:34:292:Infinity":143,"s:294:16:302:Infinity":144,"s:303:16:303:Infinity":145,"s:304:16:304:Infinity":146,"s:305:16:305:Infinity":147,"b:310:12:335:Infinity:undefined:undefined:undefined:undefined":50,"s:310:12:335:Infinity":148,"b:310:16:310:37:310:37:310:63":51,"s:311:40:311:Infinity":149,"s:313:35:316:Infinity":150,"f:314:28:314:33":35,"s:314:33:314:78":151,"b:314:33:314:51:314:51:314:78":52,"f:315:26:315:27":36,"s:315:36:315:75":152,"f:316:28:316:33":37,"s:316:33:316:93":153,"b:316:33:316:59:316:59:316:93":53,"s:318:16:334:Infinity":154,"s:318:29:318:32":155,"s:319:30:319:Infinity":156,"s:320:43:320:Infinity":157,"s:321:38:321:Infinity":158,"s:323:20:331:Infinity":159,"s:332:20:332:Infinity":160,"s:333:20:333:Infinity":161,"b:337:12:348:Infinity:undefined:undefined:undefined:undefined":54,"s:337:12:348:Infinity":162,"s:338:16:347:Infinity":163,"s:349:12:349:Infinity":164,"s:352:35:352:Infinity":165,"s:354:29:369:Infinity":166,"f:354:29:354:30":38,"s:355:34:355:Infinity":167,"s:357:16:365:Infinity":168,"s:366:16:366:Infinity":169,"s:367:16:367:Infinity":170,"b:368:16:368:Infinity:undefined:undefined:undefined:undefined":55,"s:368:16:368:Infinity":171,"s:368:30:368:Infinity":172,"s:371:40:376:Infinity":173,"f:371:40:371:41":39,"s:372:16:375:Infinity":174,"f:372:45:372:50":40,"s:372:50:372:63":175,"f:373:28:373:33":41,"s:373:33:373:80":176,"f:374:26:374:27":42,"s:374:36:374:75":177,"f:375:28:375:33":43,"s:375:33:375:93":178,"b:375:33:375:59:375:59:375:93":56,"s:379:34:379:Infinity":179,"f:379:73:379:78":44,"s:379:78:379:112":180,"b:380:12:383:Infinity:undefined:undefined:undefined:undefined":57,"s:380:12:383:Infinity":181,"s:381:39:381:Infinity":182,"s:382:16:382:Infinity":183,"s:386:12:391:Infinity":184,"f:386:52:386:53":45,"b:387:16:387:Infinity:undefined:undefined:undefined:undefined":58,"s:387:16:387:Infinity":185,"s:387:48:387:Infinity":186,"s:388:32:388:Infinity":187,"s:389:39:389:Infinity":188,"s:390:16:390:Infinity":189,"s:394:12:398:Infinity":190,"f:394:32:394:37":46,"s:394:37:394:69":191,"b:394:37:394:55:394:55:394:69":59,"f:394:79:394:84":47,"b:395:16:395:Infinity:undefined:undefined:undefined:undefined":60,"s:395:16:395:Infinity":192,"s:395:48:395:Infinity":193,"s:396:39:396:Infinity":194,"s:397:16:397:Infinity":195,"b:401:12:407:Infinity:undefined:undefined:undefined:undefined":61,"s:401:12:407:Infinity":196,"s:402:16:406:Infinity":197,"f:402:38:402:43":48,"s:402:43:402:56":198,"f:402:66:402:71":49,"b:403:20:403:Infinity:undefined:undefined:undefined:undefined":62,"s:403:20:403:Infinity":199,"s:403:52:403:Infinity":200,"s:404:43:404:Infinity":201,"s:405:20:405:Infinity":202,"s:409:28:409:Infinity":203,"b:410:12:423:Infinity:undefined:undefined:undefined:undefined":63,"s:410:12:423:Infinity":204,"s:411:16:422:Infinity":205,"s:411:29:411:32":206,"s:412:20:421:Infinity":207,"s:424:12:424:Infinity":208,"s:428:4:428:Infinity":209,"s:435:54:454:Infinity":210,"f:435:54:435:Infinity":50,"b:441:25:441:Infinity":64,"s:444:25:444:Infinity":211,"s:445:4:453:Infinity":212}}}
,"/root/.openclaw/workspace/App/Web-Attendance/src/lib/api.ts": {"path":"/root/.openclaw/workspace/App/Web-Attendance/src/lib/api.ts","statementMap":{"0":{"start":{"line":3,"column":17},"end":{"line":3,"column":null}},"1":{"start":{"line":9,"column":16},"end":{"line":9,"column":null}},"2":{"start":{"line":11,"column":21},"end":{"line":17,"column":null}},"3":{"start":{"line":19,"column":4},"end":{"line":22,"column":null}},"4":{"start":{"line":20,"column":26},"end":{"line":20,"column":null}},"5":{"start":{"line":20,"column":61},"end":{"line":20,"column":64}},"6":{"start":{"line":21,"column":8},"end":{"line":21,"column":null}},"7":{"start":{"line":25,"column":17},"end":{"line":25,"column":null}},"8":{"start":{"line":26,"column":4},"end":{"line":31,"column":null}},"9":{"start":{"line":27,"column":8},"end":{"line":27,"column":null}},"10":{"start":{"line":30,"column":8},"end":{"line":30,"column":null}},"11":{"start":{"line":38,"column":28},"end":{"line":40,"column":null}},"12":{"start":{"line":39,"column":4},"end":{"line":39,"column":null}},"13":{"start":{"line":42,"column":27},"end":{"line":48,"column":null}},"14":{"start":{"line":43,"column":19},"end":{"line":46,"column":null}},"15":{"start":{"line":47,"column":4},"end":{"line":47,"column":null}},"16":{"start":{"line":50,"column":27},"end":{"line":55,"column":null}},"17":{"start":{"line":51,"column":4},"end":{"line":54,"column":null}},"18":{"start":{"line":57,"column":27},"end":{"line":61,"column":null}},"19":{"start":{"line":58,"column":4},"end":{"line":60,"column":null}},"20":{"start":{"line":63,"column":32},"end":{"line":68,"column":null}},"21":{"start":{"line":64,"column":4},"end":{"line":67,"column":null}},"22":{"start":{"line":74,"column":37},"end":{"line":76,"column":null}},"23":{"start":{"line":75,"column":4},"end":{"line":75,"column":null}},"24":{"start":{"line":78,"column":30},"end":{"line":84,"column":null}},"25":{"start":{"line":79,"column":19},"end":{"line":82,"column":null}},"26":{"start":{"line":83,"column":4},"end":{"line":83,"column":null}},"27":{"start":{"line":90,"column":32},"end":{"line":92,"column":null}},"28":{"start":{"line":91,"column":4},"end":{"line":91,"column":null}},"29":{"start":{"line":94,"column":31},"end":{"line":99,"column":null}},"30":{"start":{"line":95,"column":4},"end":{"line":98,"column":null}},"31":{"start":{"line":101,"column":35},"end":{"line":106,"column":null}},"32":{"start":{"line":102,"column":4},"end":{"line":105,"column":null}},"33":{"start":{"line":108,"column":27},"end":{"line":113,"column":null}},"34":{"start":{"line":109,"column":4},"end":{"line":112,"column":null}},"35":{"start":{"line":115,"column":27},"end":{"line":119,"column":null}},"36":{"start":{"line":116,"column":4},"end":{"line":118,"column":null}},"37":{"start":{"line":125,"column":31},"end":{"line":127,"column":null}},"38":{"start":{"line":126,"column":4},"end":{"line":126,"column":null}},"39":{"start":{"line":129,"column":33},"end":{"line":136,"column":null}},"40":{"start":{"line":130,"column":19},"end":{"line":134,"column":null}},"41":{"start":{"line":135,"column":4},"end":{"line":135,"column":null}},"42":{"start":{"line":138,"column":33},"end":{"line":143,"column":null}},"43":{"start":{"line":139,"column":4},"end":{"line":142,"column":null}},"44":{"start":{"line":149,"column":24},"end":{"line":151,"column":null}},"45":{"start":{"line":150,"column":4},"end":{"line":150,"column":null}},"46":{"start":{"line":153,"column":26},"end":{"line":160,"column":null}},"47":{"start":{"line":154,"column":19},"end":{"line":158,"column":null}},"48":{"start":{"line":159,"column":4},"end":{"line":159,"column":null}},"49":{"start":{"line":162,"column":26},"end":{"line":168,"column":null}},"50":{"start":{"line":163,"column":4},"end":{"line":167,"column":null}},"51":{"start":{"line":170,"column":26},"end":{"line":175,"column":null}},"52":{"start":{"line":171,"column":4},"end":{"line":174,"column":null}},"53":{"start":{"line":177,"column":34},"end":{"line":179,"column":null}},"54":{"start":{"line":178,"column":4},"end":{"line":178,"column":null}},"55":{"start":{"line":185,"column":26},"end":{"line":187,"column":null}},"56":{"start":{"line":186,"column":4},"end":{"line":186,"column":null}},"57":{"start":{"line":189,"column":27},"end":{"line":194,"column":null}},"58":{"start":{"line":190,"column":4},"end":{"line":193,"column":null}},"59":{"start":{"line":196,"column":27},"end":{"line":201,"column":null}},"60":{"start":{"line":197,"column":4},"end":{"line":200,"column":null}},"61":{"start":{"line":203,"column":32},"end":{"line":208,"column":null}},"62":{"start":{"line":204,"column":4},"end":{"line":207,"column":null}},"63":{"start":{"line":210,"column":27},"end":{"line":215,"column":null}},"64":{"start":{"line":211,"column":4},"end":{"line":214,"column":null}}},"fnMap":{"0":{"name":"apiFetch","decl":{"start":{"line":8,"column":15},"end":{"line":8,"column":27}},"loc":{"start":{"line":8,"column":84},"end":{"line":32,"column":null}},"line":8},"1":{"name":"(anonymous_1)","decl":{"start":{"line":20,"column":54},"end":{"line":20,"column":61}},"loc":{"start":{"line":20,"column":61},"end":{"line":20,"column":64}},"line":20},"2":{"name":"(anonymous_2)","decl":{"start":{"line":38,"column":28},"end":{"line":38,"column":58}},"loc":{"start":{"line":38,"column":58},"end":{"line":40,"column":null}},"line":38},"3":{"name":"(anonymous_3)","decl":{"start":{"line":42,"column":27},"end":{"line":42,"column":34}},"loc":{"start":{"line":42,"column":84},"end":{"line":48,"column":null}},"line":42},"4":{"name":"(anonymous_4)","decl":{"start":{"line":50,"column":27},"end":{"line":50,"column":34}},"loc":{"start":{"line":50,"column":96},"end":{"line":55,"column":null}},"line":50},"5":{"name":"(anonymous_5)","decl":{"start":{"line":57,"column":27},"end":{"line":57,"column":34}},"loc":{"start":{"line":57,"column":69},"end":{"line":61,"column":null}},"line":57},"6":{"name":"(anonymous_6)","decl":{"start":{"line":63,"column":32},"end":{"line":63,"column":39}},"loc":{"start":{"line":63,"column":98},"end":{"line":68,"column":null}},"line":63},"7":{"name":"(anonymous_7)","decl":{"start":{"line":74,"column":37},"end":{"line":74,"column":44}},"loc":{"start":{"line":74,"column":94},"end":{"line":76,"column":null}},"line":74},"8":{"name":"(anonymous_8)","decl":{"start":{"line":78,"column":30},"end":{"line":78,"column":37}},"loc":{"start":{"line":78,"column":98},"end":{"line":84,"column":null}},"line":78},"9":{"name":"(anonymous_9)","decl":{"start":{"line":90,"column":32},"end":{"line":90,"column":39}},"loc":{"start":{"line":90,"column":79},"end":{"line":92,"column":null}},"line":90},"10":{"name":"(anonymous_10)","decl":{"start":{"line":94,"column":31},"end":{"line":94,"column":38}},"loc":{"start":{"line":94,"column":85},"end":{"line":99,"column":null}},"line":94},"11":{"name":"(anonymous_11)","decl":{"start":{"line":101,"column":35},"end":{"line":101,"column":42}},"loc":{"start":{"line":101,"column":79},"end":{"line":106,"column":null}},"line":101},"12":{"name":"(anonymous_12)","decl":{"start":{"line":108,"column":27},"end":{"line":108,"column":34}},"loc":{"start":{"line":108,"column":91},"end":{"line":113,"column":null}},"line":108},"13":{"name":"(anonymous_13)","decl":{"start":{"line":115,"column":27},"end":{"line":115,"column":34}},"loc":{"start":{"line":115,"column":64},"end":{"line":119,"column":null}},"line":115},"14":{"name":"(anonymous_14)","decl":{"start":{"line":125,"column":31},"end":{"line":125,"column":72}},"loc":{"start":{"line":125,"column":72},"end":{"line":127,"column":null}},"line":125},"15":{"name":"(anonymous_15)","decl":{"start":{"line":129,"column":33},"end":{"line":129,"column":40}},"loc":{"start":{"line":129,"column":99},"end":{"line":136,"column":null}},"line":129},"16":{"name":"(anonymous_16)","decl":{"start":{"line":138,"column":33},"end":{"line":138,"column":40}},"loc":{"start":{"line":138,"column":70},"end":{"line":143,"column":null}},"line":138},"17":{"name":"(anonymous_17)","decl":{"start":{"line":149,"column":24},"end":{"line":149,"column":60}},"loc":{"start":{"line":149,"column":60},"end":{"line":151,"column":null}},"line":149},"18":{"name":"(anonymous_18)","decl":{"start":{"line":153,"column":26},"end":{"line":153,"column":33}},"loc":{"start":{"line":153,"column":129},"end":{"line":160,"column":null}},"line":153},"19":{"name":"(anonymous_19)","decl":{"start":{"line":162,"column":26},"end":{"line":162,"column":33}},"loc":{"start":{"line":162,"column":144},"end":{"line":168,"column":null}},"line":162},"20":{"name":"(anonymous_20)","decl":{"start":{"line":170,"column":26},"end":{"line":170,"column":33}},"loc":{"start":{"line":170,"column":63},"end":{"line":175,"column":null}},"line":170},"21":{"name":"(anonymous_21)","decl":{"start":{"line":177,"column":34},"end":{"line":177,"column":41}},"loc":{"start":{"line":177,"column":97},"end":{"line":179,"column":null}},"line":177},"22":{"name":"(anonymous_22)","decl":{"start":{"line":185,"column":26},"end":{"line":185,"column":61}},"loc":{"start":{"line":185,"column":61},"end":{"line":187,"column":null}},"line":185},"23":{"name":"(anonymous_23)","decl":{"start":{"line":189,"column":27},"end":{"line":189,"column":34}},"loc":{"start":{"line":189,"column":102},"end":{"line":194,"column":null}},"line":189},"24":{"name":"(anonymous_24)","decl":{"start":{"line":196,"column":27},"end":{"line":196,"column":34}},"loc":{"start":{"line":196,"column":137},"end":{"line":201,"column":null}},"line":196},"25":{"name":"(anonymous_25)","decl":{"start":{"line":203,"column":32},"end":{"line":203,"column":39}},"loc":{"start":{"line":203,"column":98},"end":{"line":208,"column":null}},"line":203},"26":{"name":"(anonymous_26)","decl":{"start":{"line":210,"column":27},"end":{"line":210,"column":34}},"loc":{"start":{"line":210,"column":64},"end":{"line":215,"column":null}},"line":210}},"branchMap":{"0":{"loc":{"start":{"line":8,"column":45},"end":{"line":8,"column":84}},"type":"default-arg","locations":[{"start":{"line":8,"column":68},"end":{"line":8,"column":84}}],"line":8},"1":{"loc":{"start":{"line":9,"column":16},"end":{"line":9,"column":null}},"type":"cond-expr","locations":[{"start":{"line":9,"column":46},"end":{"line":9,"column":57}},{"start":{"line":9,"column":57},"end":{"line":9,"column":null}}],"line":9},"2":{"loc":{"start":{"line":9,"column":71},"end":{"line":9,"column":106}},"type":"cond-expr","locations":[{"start":{"line":9,"column":98},"end":{"line":9,"column":103}},{"start":{"line":9,"column":103},"end":{"line":9,"column":106}}],"line":9},"3":{"loc":{"start":{"line":19,"column":4},"end":{"line":22,"column":null}},"type":"if","locations":[{"start":{"line":19,"column":4},"end":{"line":22,"column":null}},{"start":{},"end":{}}],"line":19},"4":{"loc":{"start":{"line":21,"column":24},"end":{"line":21,"column":99}},"type":"binary-expr","locations":[{"start":{"line":21,"column":24},"end":{"line":21,"column":45}},{"start":{"line":21,"column":45},"end":{"line":21,"column":99}}],"line":21},"5":{"loc":{"start":{"line":27,"column":15},"end":{"line":27,"column":null}},"type":"cond-expr","locations":[{"start":{"line":27,"column":22},"end":{"line":27,"column":41}},{"start":{"line":27,"column":41},"end":{"line":27,"column":null}}],"line":27},"6":{"loc":{"start":{"line":153,"column":47},"end":{"line":153,"column":82}},"type":"default-arg","locations":[{"start":{"line":153,"column":76},"end":{"line":153,"column":82}}],"line":153},"7":{"loc":{"start":{"line":153,"column":82},"end":{"line":153,"column":129}},"type":"default-arg","locations":[{"start":{"line":153,"column":105},"end":{"line":153,"column":129}}],"line":153},"8":{"loc":{"start":{"line":189,"column":48},"end":{"line":189,"column":102}},"type":"default-arg","locations":[{"start":{"line":189,"column":71},"end":{"line":189,"column":102}}],"line":189}},"s":{"0":1,"1":14,"2":14,"3":14,"4":1,"5":0,"6":1,"7":13,"8":13,"9":13,"10":0,"11":1,"12":2,"13":1,"14":1,"15":1,"16":1,"17":1,"18":1,"19":1,"20":1,"21":0,"22":1,"23":1,"24":1,"25":1,"26":1,"27":1,"28":1,"29":1,"30":1,"31":1,"32":1,"33":1,"34":1,"35":1,"36":0,"37":1,"38":1,"39":1,"40":0,"41":0,"42":1,"43":0,"44":1,"45":1,"46":1,"47":0,"48":0,"49":1,"50":0,"51":1,"52":0,"53":1,"54":0,"55":1,"56":1,"57":1,"58":0,"59":1,"60":0,"61":1,"62":0,"63":1,"64":0},"f":{"0":14,"1":0,"2":2,"3":1,"4":1,"5":1,"6":0,"7":1,"8":1,"9":1,"10":1,"11":1,"12":1,"13":0,"14":1,"15":0,"16":0,"17":1,"18":0,"19":0,"20":0,"21":0,"22":1,"23":0,"24":0,"25":0,"26":0},"b":{"0":[14],"1":[0,14],"2":[14,0],"3":[1,13],"4":[1,0],"5":[8,5],"6":[0],"7":[0],"8":[0]},"meta":{"lastBranch":9,"lastFunction":27,"lastStatement":65,"seen":{"s:3:17:3:Infinity":0,"f:8:15:8:27":0,"b:8:68:8:84":0,"s:9:16:9:Infinity":1,"b:9:46:9:57:9:57:9:Infinity":1,"b:9:98:9:103:9:103:9:106":2,"s:11:21:17:Infinity":2,"b:19:4:22:Infinity:undefined:undefined:undefined:undefined":3,"s:19:4:22:Infinity":3,"s:20:26:20:Infinity":4,"f:20:54:20:61":1,"s:20:61:20:64":5,"s:21:8:21:Infinity":6,"b:21:24:21:45:21:45:21:99":4,"s:25:17:25:Infinity":7,"s:26:4:31:Infinity":8,"s:27:8:27:Infinity":9,"b:27:22:27:41:27:41:27:Infinity":5,"s:30:8:30:Infinity":10,"s:38:28:40:Infinity":11,"f:38:28:38:58":2,"s:39:4:39:Infinity":12,"s:42:27:48:Infinity":13,"f:42:27:42:34":3,"s:43:19:46:Infinity":14,"s:47:4:47:Infinity":15,"s:50:27:55:Infinity":16,"f:50:27:50:34":4,"s:51:4:54:Infinity":17,"s:57:27:61:Infinity":18,"f:57:27:57:34":5,"s:58:4:60:Infinity":19,"s:63:32:68:Infinity":20,"f:63:32:63:39":6,"s:64:4:67:Infinity":21,"s:74:37:76:Infinity":22,"f:74:37:74:44":7,"s:75:4:75:Infinity":23,"s:78:30:84:Infinity":24,"f:78:30:78:37":8,"s:79:19:82:Infinity":25,"s:83:4:83:Infinity":26,"s:90:32:92:Infinity":27,"f:90:32:90:39":9,"s:91:4:91:Infinity":28,"s:94:31:99:Infinity":29,"f:94:31:94:38":10,"s:95:4:98:Infinity":30,"s:101:35:106:Infinity":31,"f:101:35:101:42":11,"s:102:4:105:Infinity":32,"s:108:27:113:Infinity":33,"f:108:27:108:34":12,"s:109:4:112:Infinity":34,"s:115:27:119:Infinity":35,"f:115:27:115:34":13,"s:116:4:118:Infinity":36,"s:125:31:127:Infinity":37,"f:125:31:125:72":14,"s:126:4:126:Infinity":38,"s:129:33:136:Infinity":39,"f:129:33:129:40":15,"s:130:19:134:Infinity":40,"s:135:4:135:Infinity":41,"s:138:33:143:Infinity":42,"f:138:33:138:40":16,"s:139:4:142:Infinity":43,"s:149:24:151:Infinity":44,"f:149:24:149:60":17,"s:150:4:150:Infinity":45,"s:153:26:160:Infinity":46,"f:153:26:153:33":18,"b:153:76:153:82":6,"b:153:105:153:129":7,"s:154:19:158:Infinity":47,"s:159:4:159:Infinity":48,"s:162:26:168:Infinity":49,"f:162:26:162:33":19,"s:163:4:167:Infinity":50,"s:170:26:175:Infinity":51,"f:170:26:170:33":20,"s:171:4:174:Infinity":52,"s:177:34:179:Infinity":53,"f:177:34:177:41":21,"s:178:4:178:Infinity":54,"s:185:26:187:Infinity":55,"f:185:26:185:61":22,"s:186:4:186:Infinity":56,"s:189:27:194:Infinity":57,"f:189:27:189:34":23,"b:189:71:189:102":8,"s:190:4:193:Infinity":58,"s:196:27:201:Infinity":59,"f:196:27:196:34":24,"s:197:4:200:Infinity":60,"s:203:32:208:Infinity":61,"f:203:32:203:39":25,"s:204:4:207:Infinity":62,"s:210:27:215:Infinity":63,"f:210:27:210:34":26,"s:211:4:214:Infinity":64}}}
,"/root/.openclaw/workspace/App/Web-Attendance/src/lib/exportUtils.ts": {"path":"/root/.openclaw/workspace/App/Web-Attendance/src/lib/exportUtils.ts","statementMap":{"0":{"start":{"line":11,"column":29},"end":{"line":56,"column":null}},"1":{"start":{"line":12,"column":26},"end":{"line":12,"column":null}},"2":{"start":{"line":13,"column":10},"end":{"line":13,"column":null}},"3":{"start":{"line":14,"column":10},"end":{"line":14,"column":null}},"4":{"start":{"line":15,"column":10},"end":{"line":15,"column":null}},"5":{"start":{"line":18,"column":19},"end":{"line":18,"column":null}},"6":{"start":{"line":18,"column":38},"end":{"line":18,"column":76}},"7":{"start":{"line":21,"column":17},"end":{"line":48,"column":null}},"8":{"start":{"line":22,"column":31},"end":{"line":22,"column":null}},"9":{"start":{"line":23,"column":27},"end":{"line":23,"column":null}},"10":{"start":{"line":25,"column":8},"end":{"line":43,"column":null}},"11":{"start":{"line":26,"column":18},"end":{"line":26,"column":null}},"12":{"start":{"line":28,"column":29},"end":{"line":28,"column":null}},"13":{"start":{"line":28,"column":46},"end":{"line":28,"column":90}},"14":{"start":{"line":30,"column":12},"end":{"line":42,"column":null}},"15":{"start":{"line":31,"column":34},"end":{"line":31,"column":null}},"16":{"start":{"line":32,"column":32},"end":{"line":32,"column":null}},"17":{"start":{"line":33,"column":16},"end":{"line":33,"column":null}},"18":{"start":{"line":36,"column":33},"end":{"line":36,"column":null}},"19":{"start":{"line":37,"column":33},"end":{"line":37,"column":null}},"20":{"start":{"line":38,"column":30},"end":{"line":38,"column":null}},"21":{"start":{"line":39,"column":16},"end":{"line":39,"column":null}},"22":{"start":{"line":41,"column":16},"end":{"line":41,"column":null}},"23":{"start":{"line":45,"column":14},"end":{"line":45,"column":null}},"24":{"start":{"line":46,"column":8},"end":{"line":46,"column":null}},"25":{"start":{"line":47,"column":8},"end":{"line":47,"column":null}},"26":{"start":{"line":50,"column":22},"end":{"line":50,"column":null}},"27":{"start":{"line":51,"column":21},"end":{"line":51,"column":null}},"28":{"start":{"line":52,"column":4},"end":{"line":52,"column":null}},"29":{"start":{"line":55,"column":4},"end":{"line":55,"column":null}},"30":{"start":{"line":63,"column":27},"end":{"line":124,"column":null}},"31":{"start":{"line":64,"column":16},"end":{"line":68,"column":null}},"32":{"start":{"line":70,"column":26},"end":{"line":70,"column":null}},"33":{"start":{"line":71,"column":10},"end":{"line":71,"column":null}},"34":{"start":{"line":72,"column":10},"end":{"line":72,"column":null}},"35":{"start":{"line":73,"column":10},"end":{"line":73,"column":null}},"36":{"start":{"line":75,"column":18},"end":{"line":75,"column":null}},"37":{"start":{"line":78,"column":17},"end":{"line":78,"column":null}},"38":{"start":{"line":78,"column":37},"end":{"line":78,"column":56}},"39":{"start":{"line":81,"column":17},"end":{"line":105,"column":null}},"40":{"start":{"line":82,"column":27},"end":{"line":82,"column":null}},"41":{"start":{"line":83,"column":20},"end":{"line":83,"column":null}},"42":{"start":{"line":85,"column":8},"end":{"line":101,"column":null}},"43":{"start":{"line":86,"column":18},"end":{"line":86,"column":null}},"44":{"start":{"line":87,"column":29},"end":{"line":87,"column":null}},"45":{"start":{"line":87,"column":46},"end":{"line":87,"column":90}},"46":{"start":{"line":89,"column":12},"end":{"line":100,"column":null}},"47":{"start":{"line":91,"column":29},"end":{"line":91,"column":null}},"48":{"start":{"line":92,"column":29},"end":{"line":92,"column":null}},"49":{"start":{"line":93,"column":16},"end":{"line":93,"column":null}},"50":{"start":{"line":95,"column":34},"end":{"line":95,"column":null}},"51":{"start":{"line":96,"column":34},"end":{"line":96,"column":null}},"52":{"start":{"line":97,"column":16},"end":{"line":97,"column":null}},"53":{"start":{"line":99,"column":16},"end":{"line":99,"column":null}},"54":{"start":{"line":103,"column":8},"end":{"line":103,"column":null}},"55":{"start":{"line":104,"column":8},"end":{"line":104,"column":null}},"56":{"start":{"line":111,"column":4},"end":{"line":111,"column":null}},"57":{"start":{"line":113,"column":4},"end":{"line":119,"column":null}},"58":{"start":{"line":121,"column":4},"end":{"line":121,"column":null}},"59":{"start":{"line":123,"column":4},"end":{"line":123,"column":null}}},"fnMap":{"0":{"name":"(anonymous_0)","decl":{"start":{"line":11,"column":29},"end":{"line":11,"column":30}},"loc":{"start":{"line":11,"column":86},"end":{"line":56,"column":null}},"line":11},"1":{"name":"(anonymous_1)","decl":{"start":{"line":18,"column":38},"end":{"line":18,"column":43}},"loc":{"start":{"line":18,"column":38},"end":{"line":18,"column":76}},"line":18},"2":{"name":"(anonymous_2)","decl":{"start":{"line":21,"column":28},"end":{"line":21,"column":37}},"loc":{"start":{"line":21,"column":37},"end":{"line":48,"column":5}},"line":21},"3":{"name":"(anonymous_3)","decl":{"start":{"line":25,"column":21},"end":{"line":25,"column":28}},"loc":{"start":{"line":25,"column":28},"end":{"line":43,"column":9}},"line":25},"4":{"name":"(anonymous_4)","decl":{"start":{"line":28,"column":41},"end":{"line":28,"column":46}},"loc":{"start":{"line":28,"column":46},"end":{"line":28,"column":90}},"line":28},"5":{"name":"(anonymous_5)","decl":{"start":{"line":63,"column":27},"end":{"line":63,"column":28}},"loc":{"start":{"line":63,"column":84},"end":{"line":124,"column":null}},"line":63},"6":{"name":"(anonymous_6)","decl":{"start":{"line":78,"column":37},"end":{"line":78,"column":42}},"loc":{"start":{"line":78,"column":37},"end":{"line":78,"column":56}},"line":78},"7":{"name":"(anonymous_7)","decl":{"start":{"line":81,"column":28},"end":{"line":81,"column":37}},"loc":{"start":{"line":81,"column":37},"end":{"line":105,"column":5}},"line":81},"8":{"name":"(anonymous_8)","decl":{"start":{"line":85,"column":21},"end":{"line":85,"column":28}},"loc":{"start":{"line":85,"column":28},"end":{"line":101,"column":9}},"line":85},"9":{"name":"(anonymous_9)","decl":{"start":{"line":87,"column":41},"end":{"line":87,"column":46}},"loc":{"start":{"line":87,"column":46},"end":{"line":87,"column":90}},"line":87}},"branchMap":{"0":{"loc":{"start":{"line":28,"column":46},"end":{"line":28,"column":90}},"type":"binary-expr","locations":[{"start":{"line":28,"column":46},"end":{"line":28,"column":72}},{"start":{"line":28,"column":72},"end":{"line":28,"column":90}}],"line":28},"1":{"loc":{"start":{"line":30,"column":12},"end":{"line":42,"column":null}},"type":"if","locations":[{"start":{"line":30,"column":12},"end":{"line":42,"column":null}},{"start":{"line":40,"column":19},"end":{"line":42,"column":null}}],"line":30},"2":{"loc":{"start":{"line":87,"column":46},"end":{"line":87,"column":90}},"type":"binary-expr","locations":[{"start":{"line":87,"column":46},"end":{"line":87,"column":72}},{"start":{"line":87,"column":72},"end":{"line":87,"column":90}}],"line":87},"3":{"loc":{"start":{"line":89,"column":12},"end":{"line":100,"column":null}},"type":"if","locations":[{"start":{"line":89,"column":12},"end":{"line":100,"column":null}},{"start":{"line":98,"column":19},"end":{"line":100,"column":null}}],"line":89}},"s":{"0":0,"1":0,"2":0,"3":0,"4":0,"5":0,"6":0,"7":0,"8":0,"9":0,"10":0,"11":0,"12":0,"13":0,"14":0,"15":0,"16":0,"17":0,"18":0,"19":0,"20":0,"21":0,"22":0,"23":0,"24":0,"25":0,"26":0,"27":0,"28":0,"29":0,"30":0,"31":0,"32":0,"33":0,"34":0,"35":0,"36":0,"37":0,"38":0,"39":0,"40":0,"41":0,"42":0,"43":0,"44":0,"45":0,"46":0,"47":0,"48":0,"49":0,"50":0,"51":0,"52":0,"53":0,"54":0,"55":0,"56":0,"57":0,"58":0,"59":0},"f":{"0":0,"1":0,"2":0,"3":0,"4":0,"5":0,"6":0,"7":0,"8":0,"9":0},"b":{"0":[0,0],"1":[0,0],"2":[0,0],"3":[0,0]},"meta":{"lastBranch":4,"lastFunction":10,"lastStatement":60,"seen":{"s:11:29:56:Infinity":0,"f:11:29:11:30":0,"s:12:26:12:Infinity":1,"s:13:10:13:Infinity":2,"s:14:10:14:Infinity":3,"s:15:10:15:Infinity":4,"s:18:19:18:Infinity":5,"f:18:38:18:43":1,"s:18:38:18:76":6,"s:21:17:48:Infinity":7,"f:21:28:21:37":2,"s:22:31:22:Infinity":8,"s:23:27:23:Infinity":9,"s:25:8:43:Infinity":10,"f:25:21:25:28":3,"s:26:18:26:Infinity":11,"s:28:29:28:Infinity":12,"f:28:41:28:46":4,"s:28:46:28:90":13,"b:28:46:28:72:28:72:28:90":0,"b:30:12:42:Infinity:40:19:42:Infinity":1,"s:30:12:42:Infinity":14,"s:31:34:31:Infinity":15,"s:32:32:32:Infinity":16,"s:33:16:33:Infinity":17,"s:36:33:36:Infinity":18,"s:37:33:37:Infinity":19,"s:38:30:38:Infinity":20,"s:39:16:39:Infinity":21,"s:41:16:41:Infinity":22,"s:45:14:45:Infinity":23,"s:46:8:46:Infinity":24,"s:47:8:47:Infinity":25,"s:50:22:50:Infinity":26,"s:51:21:51:Infinity":27,"s:52:4:52:Infinity":28,"s:55:4:55:Infinity":29,"s:63:27:124:Infinity":30,"f:63:27:63:28":5,"s:64:16:68:Infinity":31,"s:70:26:70:Infinity":32,"s:71:10:71:Infinity":33,"s:72:10:72:Infinity":34,"s:73:10:73:Infinity":35,"s:75:18:75:Infinity":36,"s:78:17:78:Infinity":37,"f:78:37:78:42":6,"s:78:37:78:56":38,"s:81:17:105:Infinity":39,"f:81:28:81:37":7,"s:82:27:82:Infinity":40,"s:83:20:83:Infinity":41,"s:85:8:101:Infinity":42,"f:85:21:85:28":8,"s:86:18:86:Infinity":43,"s:87:29:87:Infinity":44,"f:87:41:87:46":9,"s:87:46:87:90":45,"b:87:46:87:72:87:72:87:90":2,"b:89:12:100:Infinity:98:19:100:Infinity":3,"s:89:12:100:Infinity":46,"s:91:29:91:Infinity":47,"s:92:29:92:Infinity":48,"s:93:16:93:Infinity":49,"s:95:34:95:Infinity":50,"s:96:34:96:Infinity":51,"s:97:16:97:Infinity":52,"s:99:16:99:Infinity":53,"s:103:8:103:Infinity":54,"s:104:8:104:Infinity":55,"s:111:4:111:Infinity":56,"s:113:4:119:Infinity":57,"s:121:4:121:Infinity":58,"s:123:4:123:Infinity":59}}}
,"/root/.openclaw/workspace/App/Web-Attendance/src/lib/holidayUtils.ts": {"path":"/root/.openclaw/workspace/App/Web-Attendance/src/lib/holidayUtils.ts","statementMap":{"0":{"start":{"line":16,"column":41},"end":{"line":48,"column":null}},"1":{"start":{"line":56,"column":18},"end":{"line":56,"column":null}},"2":{"start":{"line":57,"column":16},"end":{"line":57,"column":null}},"3":{"start":{"line":59,"column":20},"end":{"line":59,"column":null}},"4":{"start":{"line":59,"column":45},"end":{"line":59,"column":79}},"5":{"start":{"line":60,"column":4},"end":{"line":60,"column":null}},"6":{"start":{"line":69,"column":4},"end":{"line":69,"column":null}},"7":{"start":{"line":78,"column":4},"end":{"line":78,"column":null}},"8":{"start":{"line":87,"column":16},"end":{"line":87,"column":null}},"9":{"start":{"line":88,"column":4},"end":{"line":88,"column":null}},"10":{"start":{"line":97,"column":4},"end":{"line":97,"column":null}},"11":{"start":{"line":106,"column":4},"end":{"line":106,"column":null}},"12":{"start":{"line":118,"column":4},"end":{"line":128,"column":null}},"13":{"start":{"line":121,"column":20},"end":{"line":121,"column":null}},"14":{"start":{"line":122,"column":8},"end":{"line":122,"column":null}},"15":{"start":{"line":126,"column":20},"end":{"line":126,"column":null}},"16":{"start":{"line":127,"column":8},"end":{"line":127,"column":null}},"17":{"start":{"line":138,"column":29},"end":{"line":138,"column":null}},"18":{"start":{"line":139,"column":20},"end":{"line":139,"column":null}},"19":{"start":{"line":141,"column":4},"end":{"line":146,"column":null}},"20":{"start":{"line":142,"column":8},"end":{"line":144,"column":null}},"21":{"start":{"line":143,"column":12},"end":{"line":143,"column":null}},"22":{"start":{"line":145,"column":8},"end":{"line":145,"column":null}},"23":{"start":{"line":148,"column":4},"end":{"line":148,"column":null}},"24":{"start":{"line":160,"column":20},"end":{"line":160,"column":null}},"25":{"start":{"line":163,"column":4},"end":{"line":175,"column":null}},"26":{"start":{"line":164,"column":20},"end":{"line":164,"column":null}},"27":{"start":{"line":165,"column":8},"end":{"line":173,"column":null}},"28":{"start":{"line":165,"column":21},"end":{"line":165,"column":24}},"29":{"start":{"line":166,"column":25},"end":{"line":166,"column":null}},"30":{"start":{"line":167,"column":12},"end":{"line":172,"column":null}},"31":{"start":{"line":168,"column":16},"end":{"line":168,"column":null}},"32":{"start":{"line":169,"column":16},"end":{"line":171,"column":null}},"33":{"start":{"line":170,"column":20},"end":{"line":170,"column":null}},"34":{"start":{"line":174,"column":8},"end":{"line":174,"column":null}},"35":{"start":{"line":178,"column":4},"end":{"line":186,"column":null}},"36":{"start":{"line":179,"column":8},"end":{"line":184,"column":null}},"37":{"start":{"line":179,"column":21},"end":{"line":179,"column":40}},"38":{"start":{"line":180,"column":25},"end":{"line":180,"column":null}},"39":{"start":{"line":181,"column":12},"end":{"line":183,"column":null}},"40":{"start":{"line":182,"column":16},"end":{"line":182,"column":null}},"41":{"start":{"line":185,"column":8},"end":{"line":185,"column":null}},"42":{"start":{"line":188,"column":4},"end":{"line":188,"column":null}}},"fnMap":{"0":{"name":"getHolidayName","decl":{"start":{"line":55,"column":16},"end":{"line":55,"column":31}},"loc":{"start":{"line":55,"column":58},"end":{"line":61,"column":null}},"line":55},"1":{"name":"(anonymous_1)","decl":{"start":{"line":59,"column":40},"end":{"line":59,"column":45}},"loc":{"start":{"line":59,"column":45},"end":{"line":59,"column":79}},"line":59},"2":{"name":"isSunday","decl":{"start":{"line":68,"column":16},"end":{"line":68,"column":25}},"loc":{"start":{"line":68,"column":46},"end":{"line":70,"column":null}},"line":68},"3":{"name":"isSaturday","decl":{"start":{"line":77,"column":16},"end":{"line":77,"column":27}},"loc":{"start":{"line":77,"column":48},"end":{"line":79,"column":null}},"line":77},"4":{"name":"isWeekday","decl":{"start":{"line":86,"column":16},"end":{"line":86,"column":26}},"loc":{"start":{"line":86,"column":47},"end":{"line":89,"column":null}},"line":86},"5":{"name":"isHoliday","decl":{"start":{"line":96,"column":16},"end":{"line":96,"column":26}},"loc":{"start":{"line":96,"column":47},"end":{"line":98,"column":null}},"line":96},"6":{"name":"isWorkingDay","decl":{"start":{"line":105,"column":16},"end":{"line":105,"column":29}},"loc":{"start":{"line":105,"column":50},"end":{"line":107,"column":null}},"line":105},"7":{"name":"getEquinoxDay","decl":{"start":{"line":116,"column":16},"end":{"line":116,"column":30}},"loc":{"start":{"line":116,"column":77},"end":{"line":129,"column":null}},"line":116},"8":{"name":"getHolidaysInRange","decl":{"start":{"line":137,"column":16},"end":{"line":137,"column":35}},"loc":{"start":{"line":137,"column":75},"end":{"line":149,"column":null}},"line":137},"9":{"name":"getNthWeekdayOfMonth","decl":{"start":{"line":159,"column":16},"end":{"line":159,"column":37}},"loc":{"start":{"line":159,"column":109},"end":{"line":189,"column":null}},"line":159}},"branchMap":{"0":{"loc":{"start":{"line":59,"column":45},"end":{"line":59,"column":79}},"type":"binary-expr","locations":[{"start":{"line":59,"column":45},"end":{"line":59,"column":66}},{"start":{"line":59,"column":66},"end":{"line":59,"column":79}}],"line":59},"1":{"loc":{"start":{"line":60,"column":11},"end":{"line":60,"column":null}},"type":"cond-expr","locations":[{"start":{"line":60,"column":21},"end":{"line":60,"column":36}},{"start":{"line":60,"column":36},"end":{"line":60,"column":null}}],"line":60},"2":{"loc":{"start":{"line":88,"column":11},"end":{"line":88,"column":null}},"type":"binary-expr","locations":[{"start":{"line":88,"column":11},"end":{"line":88,"column":23}},{"start":{"line":88,"column":23},"end":{"line":88,"column":null}}],"line":88},"3":{"loc":{"start":{"line":97,"column":11},"end":{"line":97,"column":null}},"type":"binary-expr","locations":[{"start":{"line":97,"column":11},"end":{"line":97,"column":29}},{"start":{"line":97,"column":29},"end":{"line":97,"column":49}},{"start":{"line":97,"column":49},"end":{"line":97,"column":null}}],"line":97},"4":{"loc":{"start":{"line":118,"column":4},"end":{"line":128,"column":null}},"type":"if","locations":[{"start":{"line":118,"column":4},"end":{"line":128,"column":null}},{"start":{"line":123,"column":11},"end":{"line":128,"column":null}}],"line":118},"5":{"loc":{"start":{"line":142,"column":8},"end":{"line":144,"column":null}},"type":"if","locations":[{"start":{"line":142,"column":8},"end":{"line":144,"column":null}},{"start":{},"end":{}}],"line":142},"6":{"loc":{"start":{"line":163,"column":4},"end":{"line":175,"column":null}},"type":"if","locations":[{"start":{"line":163,"column":4},"end":{"line":175,"column":null}},{"start":{},"end":{}}],"line":163},"7":{"loc":{"start":{"line":167,"column":12},"end":{"line":172,"column":null}},"type":"if","locations":[{"start":{"line":167,"column":12},"end":{"line":172,"column":null}},{"start":{},"end":{}}],"line":167},"8":{"loc":{"start":{"line":169,"column":16},"end":{"line":171,"column":null}},"type":"if","locations":[{"start":{"line":169,"column":16},"end":{"line":171,"column":null}},{"start":{},"end":{}}],"line":169},"9":{"loc":{"start":{"line":178,"column":4},"end":{"line":186,"column":null}},"type":"if","locations":[{"start":{"line":178,"column":4},"end":{"line":186,"column":null}},{"start":{},"end":{}}],"line":178},"10":{"loc":{"start":{"line":181,"column":12},"end":{"line":183,"column":null}},"type":"if","locations":[{"start":{"line":181,"column":12},"end":{"line":183,"column":null}},{"start":{},"end":{}}],"line":181}},"s":{"0":1,"1":21,"2":21,"3":21,"4":392,"5":21,"6":21,"7":18,"8":7,"9":7,"10":19,"11":4,"12":2,"13":1,"14":1,"15":1,"16":1,"17":2,"18":2,"19":2,"20":11,"21":5,"22":11,"23":2,"24":5,"25":5,"26":4,"27":4,"28":4,"29":77,"30":77,"31":12,"32":12,"33":3,"34":1,"35":1,"36":1,"37":1,"38":5,"39":5,"40":1,"41":0,"42":0},"f":{"0":21,"1":392,"2":21,"3":18,"4":7,"5":19,"6":4,"7":2,"8":2,"9":5},"b":{"0":[392,57],"1":[12,9],"2":[7,6],"3":[19,16,13],"4":[1,1],"5":[5,6],"6":[4,1],"7":[12,65],"8":[3,9],"9":[1,0],"10":[1,4]},"meta":{"lastBranch":11,"lastFunction":10,"lastStatement":43,"seen":{"s:16:41:48:Infinity":0,"f:55:16:55:31":0,"s:56:18:56:Infinity":1,"s:57:16:57:Infinity":2,"s:59:20:59:Infinity":3,"f:59:40:59:45":1,"s:59:45:59:79":4,"b:59:45:59:66:59:66:59:79":0,"s:60:4:60:Infinity":5,"b:60:21:60:36:60:36:60:Infinity":1,"f:68:16:68:25":2,"s:69:4:69:Infinity":6,"f:77:16:77:27":3,"s:78:4:78:Infinity":7,"f:86:16:86:26":4,"s:87:16:87:Infinity":8,"s:88:4:88:Infinity":9,"b:88:11:88:23:88:23:88:Infinity":2,"f:96:16:96:26":5,"s:97:4:97:Infinity":10,"b:97:11:97:29:97:29:97:49:97:49:97:Infinity":3,"f:105:16:105:29":6,"s:106:4:106:Infinity":11,"f:116:16:116:30":7,"b:118:4:128:Infinity:123:11:128:Infinity":4,"s:118:4:128:Infinity":12,"s:121:20:121:Infinity":13,"s:122:8:122:Infinity":14,"s:126:20:126:Infinity":15,"s:127:8:127:Infinity":16,"f:137:16:137:35":8,"s:138:29:138:Infinity":17,"s:139:20:139:Infinity":18,"s:141:4:146:Infinity":19,"b:142:8:144:Infinity:undefined:undefined:undefined:undefined":5,"s:142:8:144:Infinity":20,"s:143:12:143:Infinity":21,"s:145:8:145:Infinity":22,"s:148:4:148:Infinity":23,"f:159:16:159:37":9,"s:160:20:160:Infinity":24,"b:163:4:175:Infinity:undefined:undefined:undefined:undefined":6,"s:163:4:175:Infinity":25,"s:164:20:164:Infinity":26,"s:165:8:173:Infinity":27,"s:165:21:165:24":28,"s:166:25:166:Infinity":29,"b:167:12:172:Infinity:undefined:undefined:undefined:undefined":7,"s:167:12:172:Infinity":30,"s:168:16:168:Infinity":31,"b:169:16:171:Infinity:undefined:undefined:undefined:undefined":8,"s:169:16:171:Infinity":32,"s:170:20:170:Infinity":33,"s:174:8:174:Infinity":34,"b:178:4:186:Infinity:undefined:undefined:undefined:undefined":9,"s:178:4:186:Infinity":35,"s:179:8:184:Infinity":36,"s:179:21:179:40":37,"s:180:25:180:Infinity":38,"b:181:12:183:Infinity:undefined:undefined:undefined:undefined":10,"s:181:12:183:Infinity":39,"s:182:16:182:Infinity":40,"s:185:8:185:Infinity":41,"s:188:4:188:Infinity":42}}}
}
